{"numFailedTestSuites":44,"numFailedTests":2,"numPassedTestSuites":53,"numPassedTests":412,"numPendingTestSuites":0,"numPendingTests":0,"numRuntimeErrorTestSuites":42,"numTodoTests":0,"numTotalTestSuites":97,"numTotalTests":414,"openHandles":[],"snapshot":{"added":0,"didUpdate":false,"failure":false,"filesAdded":0,"filesRemoved":0,"filesRemovedList":[],"filesUnmatched":0,"filesUpdated":0,"matched":0,"total":0,"unchecked":0,"uncheckedKeysByFile":[],"unmatched":0,"updated":0},"startTime":1781323331558,"success":false,"testResults":[{"assertionResults":[],"coverage":{},"endTime":1781323364823,"message":"  ● Test suite failed to run\n\n    Cannot find module '@garlic-claw/shared' from 'src/modules/ai-management/ai-settings.store.ts'\n\n    Require stack:\n      src/modules/ai-management/ai-settings.store.ts\n      src/modules/ai-management/ai-provider-settings.service.ts\n      src/modules/ai/ai-model-execution.service.ts\n      tests/execution/tool/tool-registry.service.spec.ts\n\n    \u001b[0m \u001b[90m 2 |\u001b[39m \u001b[36mimport\u001b[39m \u001b[33m*\u001b[39m \u001b[36mas\u001b[39m path \u001b[36mfrom\u001b[39m \u001b[32m'node:path'\u001b[39m\u001b[33m;\u001b[39m\n     \u001b[90m 3 |\u001b[39m \u001b[36mimport\u001b[39m type { \u001b[33mAiHostModelRoutingConfig\u001b[39m\u001b[33m,\u001b[39m \u001b[33mAiModelRouteTarget\u001b[39m\u001b[33m,\u001b[39m \u001b[33mProviderProtocolDriver\u001b[39m\u001b[33m,\u001b[39m \u001b[33mVisionFallbackConfig\u001b[39m } \u001b[36mfrom\u001b[39m \u001b[32m'@garlic-claw/shared'\u001b[39m\u001b[33m;\u001b[39m\n    \u001b[31m\u001b[1m>\u001b[22m\u001b[39m\u001b[90m 4 |\u001b[39m \u001b[36mimport\u001b[39m { \u001b[33mDEFAULT_AI_CHAT_AUTO_RETRY_CONFIG\u001b[39m } \u001b[36mfrom\u001b[39m \u001b[32m'@garlic-claw/shared'\u001b[39m\u001b[33m;\u001b[39m\n     \u001b[90m   |\u001b[39m \u001b[31m\u001b[1m^\u001b[22m\u001b[39m\n     \u001b[90m 5 |\u001b[39m \u001b[36mimport\u001b[39m { \u001b[33mProjectWorktreeRootService\u001b[39m } \u001b[36mfrom\u001b[39m \u001b[32m'../execution/project/project-worktree-root.service'\u001b[39m\u001b[33m;\u001b[39m\n     \u001b[90m 6 |\u001b[39m \u001b[36mimport\u001b[39m { createServerTestArtifactPath } \u001b[36mfrom\u001b[39m \u001b[32m'../../core/runtime/server-workspace-paths'\u001b[39m\u001b[33m;\u001b[39m\n     \u001b[90m 7 |\u001b[39m \u001b[36mimport\u001b[39m type { \u001b[33mAiProviderStorageFile\u001b[39m\u001b[33m,\u001b[39m \u001b[33mAiSettingsFile\u001b[39m\u001b[33m,\u001b[39m \u001b[33mStoredAiModelConfig\u001b[39m\u001b[33m,\u001b[39m \u001b[33mStoredAiProviderConfig\u001b[39m } \u001b[36mfrom\u001b[39m \u001b[32m'./ai-management.types'\u001b[39m\u001b[33m;\u001b[39m\u001b[0m\n\n      at Resolver._throwModNotFoundError (../../node_modules/jest-resolve/build/index.js:895:11)\n      at Object.<anonymous> (src/modules/ai-management/ai-settings.store.ts:4:1)\n      at Object.<anonymous> (src/modules/ai-management/ai-provider-settings.service.ts:14:1)\n      at Object.<anonymous> (src/modules/ai/ai-model-execution.service.ts:8:1)\n      at Object.<anonymous> (tests/execution/tool/tool-registry.service.spec.ts:5:1)\n","name":"C:\\Users\\zyw41\\Downloads\\garlic-claw\\packages\\server\\tests\\execution\\tool\\tool-registry.service.spec.ts","startTime":1781323364823,"status":"failed","summary":""},{"assertionResults":[{"ancestorTitles":["BashToolService"],"duration":2,"failing":false,"failureDetails":[],"failureMessages":[],"fullName":"BashToolService describes ask-style network access and non-persistent shell state for just-bash","invocations":1,"location":null,"numPassingAsserts":1,"retryReasons":[],"startAt":1781323333389,"status":"passed","title":"describes ask-style network access and non-persistent shell state for just-bash"},{"ancestorTitles":["BashToolService"],"duration":1,"failing":false,"failureDetails":[],"failureMessages":[],"fullName":"BashToolService describes native-shell syntax according to the host platform","invocations":1,"location":null,"numPassingAsserts":2,"retryReasons":[],"startAt":1781323333391,"status":"passed","title":"describes native-shell syntax according to the host platform"},{"ancestorTitles":["BashToolService"],"duration":0,"failing":false,"failureDetails":[],"failureMessages":[],"fullName":"BashToolService describes native-shell fallback as Windows PowerShell 5 when pwsh is unavailable","invocations":1,"location":null,"numPassingAsserts":2,"retryReasons":[],"startAt":1781323333393,"status":"passed","title":"describes native-shell fallback as Windows PowerShell 5 when pwsh is unavailable"},{"ancestorTitles":["BashToolService"],"duration":3,"failing":false,"failureDetails":[],"failureMessages":[],"fullName":"BashToolService describes persistent shell state when the backend keeps one shell session alive","invocations":1,"location":null,"numPassingAsserts":1,"retryReasons":[],"startAt":1781323333393,"status":"passed","title":"describes persistent shell state when the backend keeps one shell session alive"},{"ancestorTitles":["BashToolService"],"duration":3,"failing":false,"failureDetails":[],"failureMessages":[],"fullName":"BashToolService treats native-shell aliases as the same shell syntax family","invocations":1,"location":null,"numPassingAsserts":2,"retryReasons":[],"startAt":1781323333396,"status":"passed","title":"treats native-shell aliases as the same shell syntax family"},{"ancestorTitles":["BashToolService"],"duration":0,"failing":false,"failureDetails":[],"failureMessages":[],"fullName":"BashToolService treats wsl-shell as bash syntax even on Windows","invocations":1,"location":null,"numPassingAsserts":2,"retryReasons":[],"startAt":1781323333399,"status":"passed","title":"treats wsl-shell as bash syntax even on Windows"},{"ancestorTitles":["BashToolService"],"duration":1,"failing":false,"failureDetails":[],"failureMessages":[],"fullName":"BashToolService describes denied network access inside a restricted visible root","invocations":1,"location":null,"numPassingAsserts":3,"retryReasons":[],"startAt":1781323333399,"status":"passed","title":"describes denied network access inside a restricted visible root"},{"ancestorTitles":["BashToolService"],"duration":1,"failing":false,"failureDetails":[],"failureMessages":[],"fullName":"BashToolService adds static shell hints into runtime access metadata and summary","invocations":1,"location":null,"numPassingAsserts":1,"retryReasons":[],"startAt":1781323333400,"status":"passed","title":"adds static shell hints into runtime access metadata and summary"},{"ancestorTitles":["BashToolService"],"duration":0,"failing":false,"failureDetails":[],"failureMessages":[],"fullName":"BashToolService treats visible-root slash paths as internal virtual workspace paths","invocations":1,"location":null,"numPassingAsserts":1,"retryReasons":[],"startAt":1781323333401,"status":"passed","title":"treats visible-root slash paths as internal virtual workspace paths"},{"ancestorTitles":["BashToolService"],"duration":0,"failing":false,"failureDetails":[],"failureMessages":[],"fullName":"BashToolService includes network command hints in static access metadata and summary","invocations":1,"location":null,"numPassingAsserts":1,"retryReasons":[],"startAt":1781323333402,"status":"passed","title":"includes network command hints in static access metadata and summary"},{"ancestorTitles":["BashToolService"],"duration":1,"failing":false,"failureDetails":[],"failureMessages":[],"fullName":"BashToolService expands bash env path syntax in static hints","invocations":1,"location":null,"numPassingAsserts":1,"retryReasons":[],"startAt":1781323333402,"status":"passed","title":"expands bash env path syntax in static hints"},{"ancestorTitles":["BashToolService"],"duration":1,"failing":false,"failureDetails":[],"failureMessages":[],"fullName":"BashToolService expands bash local variable path syntax in static hints","invocations":1,"location":null,"numPassingAsserts":1,"retryReasons":[],"startAt":1781323333403,"status":"passed","title":"expands bash local variable path syntax in static hints"},{"ancestorTitles":["BashToolService"],"duration":0,"failing":false,"failureDetails":[],"failureMessages":[],"fullName":"BashToolService does not expand single-quoted bash env path syntax in static hints","invocations":1,"location":null,"numPassingAsserts":1,"retryReasons":[],"startAt":1781323333404,"status":"passed","title":"does not expand single-quoted bash env path syntax in static hints"},{"ancestorTitles":["BashToolService"],"duration":2,"failing":false,"failureDetails":[],"failureMessages":[],"fullName":"BashToolService expands powershell local variable path syntax in static hints","invocations":1,"location":null,"numPassingAsserts":1,"retryReasons":[],"startAt":1781323333404,"status":"passed","title":"expands powershell local variable path syntax in static hints"},{"ancestorTitles":["BashToolService"],"duration":1,"failing":false,"failureDetails":[],"failureMessages":[],"fullName":"BashToolService expands powershell simple subexpression local variable paths in static hints","invocations":1,"location":null,"numPassingAsserts":1,"retryReasons":[],"startAt":1781323333406,"status":"passed","title":"expands powershell simple subexpression local variable paths in static hints"},{"ancestorTitles":["BashToolService"],"duration":0,"failing":false,"failureDetails":[],"failureMessages":[],"fullName":"BashToolService surfaces write targets inside bash control-flow blocks through AST parsing","invocations":1,"location":null,"numPassingAsserts":1,"retryReasons":[],"startAt":1781323333407,"status":"passed","title":"surfaces write targets inside bash control-flow blocks through AST parsing"},{"ancestorTitles":["BashToolService"],"duration":1,"failing":false,"failureDetails":[],"failureMessages":[],"fullName":"BashToolService surfaces powershell script-block writes through AST parsing","invocations":1,"location":null,"numPassingAsserts":1,"retryReasons":[],"startAt":1781323333407,"status":"passed","title":"surfaces powershell script-block writes through AST parsing"},{"ancestorTitles":["BashToolService"],"duration":1,"failing":false,"failureDetails":[],"failureMessages":[],"fullName":"BashToolService surfaces powershell script-block writes through AST parsing for native-shell aliases","invocations":1,"location":null,"numPassingAsserts":1,"retryReasons":[],"startAt":1781323333408,"status":"passed","title":"surfaces powershell script-block writes through AST parsing for native-shell aliases"},{"ancestorTitles":["BashToolService"],"duration":1,"failing":false,"failureDetails":[],"failureMessages":[],"fullName":"BashToolService falls back to bash token hints when AST parsing fails","invocations":1,"location":null,"numPassingAsserts":1,"retryReasons":[],"startAt":1781323333409,"status":"passed","title":"falls back to bash token hints when AST parsing fails"},{"ancestorTitles":["BashToolService"],"duration":1,"failing":false,"failureDetails":[],"failureMessages":[],"fullName":"BashToolService falls back to powershell token hints when AST parsing fails","invocations":1,"location":null,"numPassingAsserts":1,"retryReasons":[],"startAt":1781323333410,"status":"passed","title":"falls back to powershell token hints when AST parsing fails"},{"ancestorTitles":["BashToolService"],"duration":1,"failing":false,"failureDetails":[],"failureMessages":[],"fullName":"BashToolService highlights when a network command also touches external absolute paths","invocations":1,"location":null,"numPassingAsserts":1,"retryReasons":[],"startAt":1781323333411,"status":"passed","title":"highlights when a network command also touches external absolute paths"},{"ancestorTitles":["BashToolService"],"duration":0,"failing":false,"failureDetails":[],"failureMessages":[],"fullName":"BashToolService treats curl --output external paths as external writes","invocations":1,"location":null,"numPassingAsserts":1,"retryReasons":[],"startAt":1781323333412,"status":"passed","title":"treats curl --output external paths as external writes"},{"ancestorTitles":["BashToolService"],"duration":1,"failing":false,"failureDetails":[],"failureMessages":[],"fullName":"BashToolService treats wget output-document external paths as external writes","invocations":1,"location":null,"numPassingAsserts":1,"retryReasons":[],"startAt":1781323333412,"status":"passed","title":"treats wget output-document external paths as external writes"},{"ancestorTitles":["BashToolService"],"duration":0,"failing":false,"failureDetails":[],"failureMessages":[],"fullName":"BashToolService does not treat lowercase wget -p as a write path flag","invocations":1,"location":null,"numPassingAsserts":1,"retryReasons":[],"startAt":1781323333413,"status":"passed","title":"does not treat lowercase wget -p as a write path flag"},{"ancestorTitles":["BashToolService"],"duration":0,"failing":false,"failureDetails":[],"failureMessages":[],"fullName":"BashToolService does not treat uppercase curl --Output as a write path flag","invocations":1,"location":null,"numPassingAsserts":1,"retryReasons":[],"startAt":1781323333413,"status":"passed","title":"does not treat uppercase curl --Output as a write path flag"},{"ancestorTitles":["BashToolService"],"duration":1,"failing":false,"failureDetails":[],"failureMessages":[],"fullName":"BashToolService does not treat mixed-case wget --Directory-Prefix as a write path flag","invocations":1,"location":null,"numPassingAsserts":1,"retryReasons":[],"startAt":1781323333413,"status":"passed","title":"does not treat mixed-case wget --Directory-Prefix as a write path flag"},{"ancestorTitles":["BashToolService"],"duration":0,"failing":false,"failureDetails":[],"failureMessages":[],"fullName":"BashToolService treats git clone explicit external destination as an external write","invocations":1,"location":null,"numPassingAsserts":1,"retryReasons":[],"startAt":1781323333414,"status":"passed","title":"treats git clone explicit external destination as an external write"},{"ancestorTitles":["BashToolService"],"duration":0,"failing":false,"failureDetails":[],"failureMessages":[],"fullName":"BashToolService treats git clone separate git dir as an external write","invocations":1,"location":null,"numPassingAsserts":1,"retryReasons":[],"startAt":1781323333414,"status":"passed","title":"treats git clone separate git dir as an external write"},{"ancestorTitles":["BashToolService"],"duration":1,"failing":false,"failureDetails":[],"failureMessages":[],"fullName":"BashToolService treats git init explicit external destination as an external write","invocations":1,"location":null,"numPassingAsserts":1,"retryReasons":[],"startAt":1781323333414,"status":"passed","title":"treats git init explicit external destination as an external write"},{"ancestorTitles":["BashToolService"],"duration":0,"failing":false,"failureDetails":[],"failureMessages":[],"fullName":"BashToolService treats git init external destination as write target but keeps template path out of external write paths","invocations":1,"location":null,"numPassingAsserts":1,"retryReasons":[],"startAt":1781323333415,"status":"passed","title":"treats git init external destination as write target but keeps template path out of external write paths"},{"ancestorTitles":["BashToolService"],"duration":1,"failing":false,"failureDetails":[],"failureMessages":[],"fullName":"BashToolService treats git archive output file as an external write","invocations":1,"location":null,"numPassingAsserts":1,"retryReasons":[],"startAt":1781323333415,"status":"passed","title":"treats git archive output file as an external write"},{"ancestorTitles":["BashToolService"],"duration":0,"failing":false,"failureDetails":[],"failureMessages":[],"fullName":"BashToolService treats git bundle create output file as an external write","invocations":1,"location":null,"numPassingAsserts":1,"retryReasons":[],"startAt":1781323333416,"status":"passed","title":"treats git bundle create output file as an external write"},{"ancestorTitles":["BashToolService"],"duration":0,"failing":false,"failureDetails":[],"failureMessages":[],"fullName":"BashToolService treats git format-patch output directory as an external write","invocations":1,"location":null,"numPassingAsserts":1,"retryReasons":[],"startAt":1781323333416,"status":"passed","title":"treats git format-patch output directory as an external write"},{"ancestorTitles":["BashToolService"],"duration":1,"failing":false,"failureDetails":[],"failureMessages":[],"fullName":"BashToolService treats tar create archive file as external write but not source paths","invocations":1,"location":null,"numPassingAsserts":1,"retryReasons":[],"startAt":1781323333416,"status":"passed","title":"treats tar create archive file as external write but not source paths"},{"ancestorTitles":["BashToolService"],"duration":0,"failing":false,"failureDetails":[],"failureMessages":[],"fullName":"BashToolService treats tar extract directory as external write but not archive input","invocations":1,"location":null,"numPassingAsserts":1,"retryReasons":[],"startAt":1781323333417,"status":"passed","title":"treats tar extract directory as external write but not archive input"},{"ancestorTitles":["BashToolService"],"duration":0,"failing":false,"failureDetails":[],"failureMessages":[],"fullName":"BashToolService treats cp destination as external write but keeps source out of external write paths","invocations":1,"location":null,"numPassingAsserts":1,"retryReasons":[],"startAt":1781323333417,"status":"passed","title":"treats cp destination as external write but keeps source out of external write paths"},{"ancestorTitles":["BashToolService"],"duration":0,"failing":false,"failureDetails":[],"failureMessages":[],"fullName":"BashToolService treats mv destination as external write but keeps source out of external write paths","invocations":1,"location":null,"numPassingAsserts":1,"retryReasons":[],"startAt":1781323333418,"status":"passed","title":"treats mv destination as external write but keeps source out of external write paths"},{"ancestorTitles":["BashToolService"],"duration":0,"failing":false,"failureDetails":[],"failureMessages":[],"fullName":"BashToolService treats cp target-directory flag as external write but keeps sources out of external write paths","invocations":1,"location":null,"numPassingAsserts":1,"retryReasons":[],"startAt":1781323333418,"status":"passed","title":"treats cp target-directory flag as external write but keeps sources out of external write paths"},{"ancestorTitles":["BashToolService"],"duration":1,"failing":false,"failureDetails":[],"failureMessages":[],"fullName":"BashToolService treats mv target-directory flag as external write but keeps sources out of external write paths","invocations":1,"location":null,"numPassingAsserts":1,"retryReasons":[],"startAt":1781323333418,"status":"passed","title":"treats mv target-directory flag as external write but keeps sources out of external write paths"},{"ancestorTitles":["BashToolService"],"duration":0,"failing":false,"failureDetails":[],"failureMessages":[],"fullName":"BashToolService treats git worktree add explicit external destination as an external write","invocations":1,"location":null,"numPassingAsserts":1,"retryReasons":[],"startAt":1781323333419,"status":"passed","title":"treats git worktree add explicit external destination as an external write"},{"ancestorTitles":["BashToolService"],"duration":1,"failing":false,"failureDetails":[],"failureMessages":[],"fullName":"BashToolService treats git submodule add explicit external destination as an external write","invocations":1,"location":null,"numPassingAsserts":1,"retryReasons":[],"startAt":1781323333419,"status":"passed","title":"treats git submodule add explicit external destination as an external write"},{"ancestorTitles":["BashToolService"],"duration":0,"failing":false,"failureDetails":[],"failureMessages":[],"fullName":"BashToolService treats scp destination external paths as external writes","invocations":1,"location":null,"numPassingAsserts":1,"retryReasons":[],"startAt":1781323333420,"status":"passed","title":"treats scp destination external paths as external writes"},{"ancestorTitles":["BashToolService"],"duration":1,"failing":false,"failureDetails":[],"failureMessages":[],"fullName":"BashToolService does not treat curl upload-file local input paths as external writes","invocations":1,"location":null,"numPassingAsserts":1,"retryReasons":[],"startAt":1781323333420,"status":"passed","title":"does not treat curl upload-file local input paths as external writes"},{"ancestorTitles":["BashToolService"],"duration":0,"failing":false,"failureDetails":[],"failureMessages":[],"fullName":"BashToolService does not treat scp local source paths as external writes","invocations":1,"location":null,"numPassingAsserts":1,"retryReasons":[],"startAt":1781323333421,"status":"passed","title":"does not treat scp local source paths as external writes"},{"ancestorTitles":["BashToolService"],"duration":1,"failing":false,"failureDetails":[],"failureMessages":[],"fullName":"BashToolService highlights when a write command targets external absolute paths","invocations":1,"location":null,"numPassingAsserts":1,"retryReasons":[],"startAt":1781323333421,"status":"passed","title":"highlights when a write command targets external absolute paths"},{"ancestorTitles":["BashToolService"],"duration":1,"failing":false,"failureDetails":[],"failureMessages":[],"fullName":"BashToolService treats Copy-Item destination as external write but keeps external source out of external write paths","invocations":1,"location":null,"numPassingAsserts":1,"retryReasons":[],"startAt":1781323333422,"status":"passed","title":"treats Copy-Item destination as external write but keeps external source out of external write paths"},{"ancestorTitles":["BashToolService"],"duration":1,"failing":false,"failureDetails":[],"failureMessages":[],"fullName":"BashToolService treats cpi destination as external write but keeps external source out of external write paths","invocations":1,"location":null,"numPassingAsserts":1,"retryReasons":[],"startAt":1781323333423,"status":"passed","title":"treats cpi destination as external write but keeps external source out of external write paths"},{"ancestorTitles":["BashToolService"],"duration":1,"failing":false,"failureDetails":[],"failureMessages":[],"fullName":"BashToolService treats copy destination as external write but keeps external source out of external write paths","invocations":1,"location":null,"numPassingAsserts":1,"retryReasons":[],"startAt":1781323333424,"status":"passed","title":"treats copy destination as external write but keeps external source out of external write paths"},{"ancestorTitles":["BashToolService"],"duration":1,"failing":false,"failureDetails":[],"failureMessages":[],"fullName":"BashToolService treats quoted attached Copy-Item destination as external write but keeps external source out of external write paths","invocations":1,"location":null,"numPassingAsserts":1,"retryReasons":[],"startAt":1781323333425,"status":"passed","title":"treats quoted attached Copy-Item destination as external write but keeps external source out of external write paths"},{"ancestorTitles":["BashToolService"],"duration":1,"failing":false,"failureDetails":[],"failureMessages":[],"fullName":"BashToolService treats quoted attached cpi destination as external write but keeps external source out of external write paths","invocations":1,"location":null,"numPassingAsserts":1,"retryReasons":[],"startAt":1781323333426,"status":"passed","title":"treats quoted attached cpi destination as external write but keeps external source out of external write paths"},{"ancestorTitles":["BashToolService"],"duration":1,"failing":false,"failureDetails":[],"failureMessages":[],"fullName":"BashToolService treats quoted attached copy destination as external write but keeps external source out of external write paths","invocations":1,"location":null,"numPassingAsserts":1,"retryReasons":[],"startAt":1781323333427,"status":"passed","title":"treats quoted attached copy destination as external write but keeps external source out of external write paths"},{"ancestorTitles":["BashToolService"],"duration":1,"failing":false,"failureDetails":[],"failureMessages":[],"fullName":"BashToolService treats Move-Item destination as external write but keeps external source out of external write paths","invocations":1,"location":null,"numPassingAsserts":1,"retryReasons":[],"startAt":1781323333428,"status":"passed","title":"treats Move-Item destination as external write but keeps external source out of external write paths"},{"ancestorTitles":["BashToolService"],"duration":1,"failing":false,"failureDetails":[],"failureMessages":[],"fullName":"BashToolService treats mi destination as external write but keeps external source out of external write paths","invocations":1,"location":null,"numPassingAsserts":1,"retryReasons":[],"startAt":1781323333429,"status":"passed","title":"treats mi destination as external write but keeps external source out of external write paths"},{"ancestorTitles":["BashToolService"],"duration":1,"failing":false,"failureDetails":[],"failureMessages":[],"fullName":"BashToolService treats quoted attached Move-Item destination as external write but keeps external source out of external write paths","invocations":1,"location":null,"numPassingAsserts":1,"retryReasons":[],"startAt":1781323333430,"status":"passed","title":"treats quoted attached Move-Item destination as external write but keeps external source out of external write paths"},{"ancestorTitles":["BashToolService"],"duration":1,"failing":false,"failureDetails":[],"failureMessages":[],"fullName":"BashToolService treats quoted attached mi destination as external write but keeps external source out of external write paths","invocations":1,"location":null,"numPassingAsserts":1,"retryReasons":[],"startAt":1781323333431,"status":"passed","title":"treats quoted attached mi destination as external write but keeps external source out of external write paths"},{"ancestorTitles":["BashToolService"],"duration":1,"failing":false,"failureDetails":[],"failureMessages":[],"fullName":"BashToolService treats quoted attached move destination as external write but keeps external source out of external write paths","invocations":1,"location":null,"numPassingAsserts":1,"retryReasons":[],"startAt":1781323333432,"status":"passed","title":"treats quoted attached move destination as external write but keeps external source out of external write paths"},{"ancestorTitles":["BashToolService"],"duration":1,"failing":false,"failureDetails":[],"failureMessages":[],"fullName":"BashToolService treats move destination as external write but keeps external source out of external write paths","invocations":1,"location":null,"numPassingAsserts":1,"retryReasons":[],"startAt":1781323333433,"status":"passed","title":"treats move destination as external write but keeps external source out of external write paths"},{"ancestorTitles":["BashToolService"],"duration":2,"failing":false,"failureDetails":[],"failureMessages":[],"fullName":"BashToolService treats Copy-Item literalpath destination as external write but keeps external source out of external write paths","invocations":1,"location":null,"numPassingAsserts":1,"retryReasons":[],"startAt":1781323333434,"status":"passed","title":"treats Copy-Item literalpath destination as external write but keeps external source out of external write paths"},{"ancestorTitles":["BashToolService"],"duration":1,"failing":false,"failureDetails":[],"failureMessages":[],"fullName":"BashToolService expands powershell env destination tokens for copy-item write hints","invocations":1,"location":null,"numPassingAsserts":1,"retryReasons":[],"startAt":1781323333436,"status":"passed","title":"expands powershell env destination tokens for copy-item write hints"},{"ancestorTitles":["BashToolService"],"duration":1,"failing":false,"failureDetails":[],"failureMessages":[],"fullName":"BashToolService expands braced powershell env destination tokens for copy-item write hints","invocations":1,"location":null,"numPassingAsserts":1,"retryReasons":[],"startAt":1781323333437,"status":"passed","title":"expands braced powershell env destination tokens for copy-item write hints"},{"ancestorTitles":["BashToolService"],"duration":1,"failing":false,"failureDetails":[],"failureMessages":[],"fullName":"BashToolService expands powershell env destinations after filesystem provider prefixes for copy-item write hints","invocations":1,"location":null,"numPassingAsserts":1,"retryReasons":[],"startAt":1781323333438,"status":"passed","title":"expands powershell env destinations after filesystem provider prefixes for copy-item write hints"},{"ancestorTitles":["BashToolService"],"duration":1,"failing":false,"failureDetails":[],"failureMessages":[],"fullName":"BashToolService treats shell redirection to external absolute paths as external writes","invocations":1,"location":null,"numPassingAsserts":1,"retryReasons":[],"startAt":1781323333439,"status":"passed","title":"treats shell redirection to external absolute paths as external writes"},{"ancestorTitles":["BashToolService"],"duration":1,"failing":false,"failureDetails":[],"failureMessages":[],"fullName":"BashToolService does not treat single-quoted powershell env redirection targets as external writes","invocations":1,"location":null,"numPassingAsserts":3,"retryReasons":[],"startAt":1781323333440,"status":"passed","title":"does not treat single-quoted powershell env redirection targets as external writes"},{"ancestorTitles":["BashToolService"],"duration":1,"failing":false,"failureDetails":[],"failureMessages":[],"fullName":"BashToolService does not treat single-quoted provider env redirection targets as external writes","invocations":1,"location":null,"numPassingAsserts":3,"retryReasons":[],"startAt":1781323333441,"status":"passed","title":"does not treat single-quoted provider env redirection targets as external writes"},{"ancestorTitles":["BashToolService"],"duration":1,"failing":false,"failureDetails":[],"failureMessages":[],"fullName":"BashToolService recognizes out-file filepath writes as external write hints","invocations":1,"location":null,"numPassingAsserts":1,"retryReasons":[],"startAt":1781323333442,"status":"passed","title":"recognizes out-file filepath writes as external write hints"},{"ancestorTitles":["BashToolService"],"duration":1,"failing":false,"failureDetails":[],"failureMessages":[],"fullName":"BashToolService treats only the first positional token as out-file write target","invocations":1,"location":null,"numPassingAsserts":1,"retryReasons":[],"startAt":1781323333443,"status":"passed","title":"treats only the first positional token as out-file write target"},{"ancestorTitles":["BashToolService"],"duration":1,"failing":false,"failureDetails":[],"failureMessages":[],"fullName":"BashToolService recognizes attached powershell filepath syntax as out-file write target","invocations":1,"location":null,"numPassingAsserts":1,"retryReasons":[],"startAt":1781323333444,"status":"passed","title":"recognizes attached powershell filepath syntax as out-file write target"},{"ancestorTitles":["BashToolService"],"duration":1,"failing":false,"failureDetails":[],"failureMessages":[],"fullName":"BashToolService recognizes quoted attached powershell filepath syntax as out-file write target","invocations":1,"location":null,"numPassingAsserts":1,"retryReasons":[],"startAt":1781323333445,"status":"passed","title":"recognizes quoted attached powershell filepath syntax as out-file write target"},{"ancestorTitles":["BashToolService"],"duration":1,"failing":false,"failureDetails":[],"failureMessages":[],"fullName":"BashToolService recognizes powershell native network commands in static hints","invocations":1,"location":null,"numPassingAsserts":1,"retryReasons":[],"startAt":1781323333446,"status":"passed","title":"recognizes powershell native network commands in static hints"},{"ancestorTitles":["BashToolService"],"duration":1,"failing":false,"failureDetails":[],"failureMessages":[],"fullName":"BashToolService treats new-item path plus name as the external write target","invocations":1,"location":null,"numPassingAsserts":1,"retryReasons":[],"startAt":1781323333447,"status":"passed","title":"treats new-item path plus name as the external write target"},{"ancestorTitles":["BashToolService"],"duration":1,"failing":false,"failureDetails":[],"failureMessages":[],"fullName":"BashToolService recognizes quoted attached powershell path syntax as new-item write target","invocations":1,"location":null,"numPassingAsserts":1,"retryReasons":[],"startAt":1781323333448,"status":"passed","title":"recognizes quoted attached powershell path syntax as new-item write target"},{"ancestorTitles":["BashToolService"],"duration":1,"failing":false,"failureDetails":[],"failureMessages":[],"fullName":"BashToolService treats rename-item path plus newname as the external write target","invocations":1,"location":null,"numPassingAsserts":1,"retryReasons":[],"startAt":1781323333449,"status":"passed","title":"treats rename-item path plus newname as the external write target"},{"ancestorTitles":["BashToolService"],"duration":1,"failing":false,"failureDetails":[],"failureMessages":[],"fullName":"BashToolService treats ni alias path plus name as the external write target","invocations":1,"location":null,"numPassingAsserts":1,"retryReasons":[],"startAt":1781323333450,"status":"passed","title":"treats ni alias path plus name as the external write target"},{"ancestorTitles":["BashToolService"],"duration":1,"failing":false,"failureDetails":[],"failureMessages":[],"fullName":"BashToolService recognizes quoted attached powershell path syntax for ni alias write target","invocations":1,"location":null,"numPassingAsserts":1,"retryReasons":[],"startAt":1781323333451,"status":"passed","title":"recognizes quoted attached powershell path syntax for ni alias write target"},{"ancestorTitles":["BashToolService"],"duration":1,"failing":false,"failureDetails":[],"failureMessages":[],"fullName":"BashToolService recognizes quoted attached powershell path syntax as rename-item write target","invocations":1,"location":null,"numPassingAsserts":1,"retryReasons":[],"startAt":1781323333452,"status":"passed","title":"recognizes quoted attached powershell path syntax as rename-item write target"},{"ancestorTitles":["BashToolService"],"duration":1,"failing":false,"failureDetails":[],"failureMessages":[],"fullName":"BashToolService treats ren alias path plus newname as the external write target","invocations":1,"location":null,"numPassingAsserts":1,"retryReasons":[],"startAt":1781323333453,"status":"passed","title":"treats ren alias path plus newname as the external write target"},{"ancestorTitles":["BashToolService"],"duration":1,"failing":false,"failureDetails":[],"failureMessages":[],"fullName":"BashToolService recognizes quoted attached powershell path syntax for ren alias write target","invocations":1,"location":null,"numPassingAsserts":1,"retryReasons":[],"startAt":1781323333454,"status":"passed","title":"recognizes quoted attached powershell path syntax for ren alias write target"},{"ancestorTitles":["BashToolService"],"duration":1,"failing":false,"failureDetails":[],"failureMessages":[],"fullName":"BashToolService treats new-item positional path plus name as the external write target","invocations":1,"location":null,"numPassingAsserts":1,"retryReasons":[],"startAt":1781323333455,"status":"passed","title":"treats new-item positional path plus name as the external write target"},{"ancestorTitles":["BashToolService"],"duration":1,"failing":false,"failureDetails":[],"failureMessages":[],"fullName":"BashToolService recognizes quoted attached powershell literalpath syntax as rename-item write target","invocations":1,"location":null,"numPassingAsserts":1,"retryReasons":[],"startAt":1781323333456,"status":"passed","title":"recognizes quoted attached powershell literalpath syntax as rename-item write target"},{"ancestorTitles":["BashToolService"],"duration":1,"failing":false,"failureDetails":[],"failureMessages":[],"fullName":"BashToolService treats rename-item positional path plus positional newname as the external write target","invocations":1,"location":null,"numPassingAsserts":1,"retryReasons":[],"startAt":1781323333457,"status":"passed","title":"treats rename-item positional path plus positional newname as the external write target"},{"ancestorTitles":["BashToolService"],"duration":1,"failing":false,"failureDetails":[],"failureMessages":[],"fullName":"BashToolService keeps windows drive separators in new-item external write targets","invocations":1,"location":null,"numPassingAsserts":1,"retryReasons":[],"startAt":1781323333458,"status":"passed","title":"keeps windows drive separators in new-item external write targets"},{"ancestorTitles":["BashToolService"],"duration":1,"failing":false,"failureDetails":[],"failureMessages":[],"fullName":"BashToolService keeps windows drive separators in rename-item external write targets","invocations":1,"location":null,"numPassingAsserts":1,"retryReasons":[],"startAt":1781323333459,"status":"passed","title":"keeps windows drive separators in rename-item external write targets"},{"ancestorTitles":["BashToolService"],"duration":1,"failing":false,"failureDetails":[],"failureMessages":[],"fullName":"BashToolService treats mkdir path plus name as the external write target in powershell style syntax","invocations":1,"location":null,"numPassingAsserts":1,"retryReasons":[],"startAt":1781323333460,"status":"passed","title":"treats mkdir path plus name as the external write target in powershell style syntax"},{"ancestorTitles":["BashToolService"],"duration":2,"failing":false,"failureDetails":[],"failureMessages":[],"fullName":"BashToolService recognizes quoted attached powershell path syntax as mkdir write target","invocations":1,"location":null,"numPassingAsserts":1,"retryReasons":[],"startAt":1781323333461,"status":"passed","title":"recognizes quoted attached powershell path syntax as mkdir write target"},{"ancestorTitles":["BashToolService"],"duration":1,"failing":false,"failureDetails":[],"failureMessages":[],"fullName":"BashToolService treats md alias path plus name as the external write target in powershell style syntax","invocations":1,"location":null,"numPassingAsserts":1,"retryReasons":[],"startAt":1781323333463,"status":"passed","title":"treats md alias path plus name as the external write target in powershell style syntax"},{"ancestorTitles":["BashToolService"],"duration":1,"failing":false,"failureDetails":[],"failureMessages":[],"fullName":"BashToolService recognizes quoted attached powershell path syntax for md alias write target","invocations":1,"location":null,"numPassingAsserts":1,"retryReasons":[],"startAt":1781323333470,"status":"passed","title":"recognizes quoted attached powershell path syntax for md alias write target"},{"ancestorTitles":["BashToolService"],"duration":1,"failing":false,"failureDetails":[],"failureMessages":[],"fullName":"BashToolService treats only the first positional token as set-content write target","invocations":1,"location":null,"numPassingAsserts":1,"retryReasons":[],"startAt":1781323333472,"status":"passed","title":"treats only the first positional token as set-content write target"},{"ancestorTitles":["BashToolService"],"duration":0,"failing":false,"failureDetails":[],"failureMessages":[],"fullName":"BashToolService recognizes attached powershell path syntax as set-content write target","invocations":1,"location":null,"numPassingAsserts":1,"retryReasons":[],"startAt":1781323333473,"status":"passed","title":"recognizes attached powershell path syntax as set-content write target"},{"ancestorTitles":["BashToolService"],"duration":1,"failing":false,"failureDetails":[],"failureMessages":[],"fullName":"BashToolService recognizes quoted attached powershell path syntax as set-content write target","invocations":1,"location":null,"numPassingAsserts":1,"retryReasons":[],"startAt":1781323333473,"status":"passed","title":"recognizes quoted attached powershell path syntax as set-content write target"},{"ancestorTitles":["BashToolService"],"duration":1,"failing":false,"failureDetails":[],"failureMessages":[],"fullName":"BashToolService recognizes quoted attached powershell literalpath syntax as set-content write target","invocations":1,"location":null,"numPassingAsserts":1,"retryReasons":[],"startAt":1781323333474,"status":"passed","title":"recognizes quoted attached powershell literalpath syntax as set-content write target"},{"ancestorTitles":["BashToolService"],"duration":1,"failing":false,"failureDetails":[],"failureMessages":[],"fullName":"BashToolService expands quoted attached powershell env path syntax as set-content write target","invocations":1,"location":null,"numPassingAsserts":1,"retryReasons":[],"startAt":1781323333475,"status":"passed","title":"expands quoted attached powershell env path syntax as set-content write target"},{"ancestorTitles":["BashToolService"],"duration":1,"failing":false,"failureDetails":[],"failureMessages":[],"fullName":"BashToolService expands quoted attached braced powershell env path syntax as set-content write target","invocations":1,"location":null,"numPassingAsserts":1,"retryReasons":[],"startAt":1781323333476,"status":"passed","title":"expands quoted attached braced powershell env path syntax as set-content write target"},{"ancestorTitles":["BashToolService"],"duration":2,"failing":false,"failureDetails":[],"failureMessages":[],"fullName":"BashToolService expands quoted attached braced powershell env paths after filesystem provider prefixes for set-content","invocations":1,"location":null,"numPassingAsserts":1,"retryReasons":[],"startAt":1781323333477,"status":"passed","title":"expands quoted attached braced powershell env paths after filesystem provider prefixes for set-content"},{"ancestorTitles":["BashToolService"],"duration":1,"failing":false,"failureDetails":[],"failureMessages":[],"fullName":"BashToolService treats single-quoted destination literals as copy-item write targets","invocations":1,"location":null,"numPassingAsserts":1,"retryReasons":[],"startAt":1781323333479,"status":"passed","title":"treats single-quoted destination literals as copy-item write targets"},{"ancestorTitles":["BashToolService"],"duration":1,"failing":false,"failureDetails":[],"failureMessages":[],"fullName":"BashToolService treats single-quoted attached literal paths as set-content write targets","invocations":1,"location":null,"numPassingAsserts":1,"retryReasons":[],"startAt":1781323333480,"status":"passed","title":"treats single-quoted attached literal paths as set-content write targets"},{"ancestorTitles":["BashToolService"],"duration":1,"failing":false,"failureDetails":[],"failureMessages":[],"fullName":"BashToolService does not treat single-quoted powershell env destinations as external write targets for copy-item","invocations":1,"location":null,"numPassingAsserts":1,"retryReasons":[],"startAt":1781323333481,"status":"passed","title":"does not treat single-quoted powershell env destinations as external write targets for copy-item"},{"ancestorTitles":["BashToolService"],"duration":1,"failing":false,"failureDetails":[],"failureMessages":[],"fullName":"BashToolService does not treat single-quoted braced powershell env paths as external write targets for set-content","invocations":1,"location":null,"numPassingAsserts":1,"retryReasons":[],"startAt":1781323333482,"status":"passed","title":"does not treat single-quoted braced powershell env paths as external write targets for set-content"},{"ancestorTitles":["BashToolService"],"duration":1,"failing":false,"failureDetails":[],"failureMessages":[],"fullName":"BashToolService does not treat single-quoted provider env destinations as external write targets for copy-item","invocations":1,"location":null,"numPassingAsserts":1,"retryReasons":[],"startAt":1781323333483,"status":"passed","title":"does not treat single-quoted provider env destinations as external write targets for copy-item"},{"ancestorTitles":["BashToolService"],"duration":1,"failing":false,"failureDetails":[],"failureMessages":[],"fullName":"BashToolService does not treat single-quoted provider braced env paths as external write targets for set-content","invocations":1,"location":null,"numPassingAsserts":1,"retryReasons":[],"startAt":1781323333484,"status":"passed","title":"does not treat single-quoted provider braced env paths as external write targets for set-content"},{"ancestorTitles":["BashToolService"],"duration":1,"failing":false,"failureDetails":[],"failureMessages":[],"fullName":"BashToolService does not treat powershell local variable paths as external write targets for set-content","invocations":1,"location":null,"numPassingAsserts":1,"retryReasons":[],"startAt":1781323333485,"status":"passed","title":"does not treat powershell local variable paths as external write targets for set-content"},{"ancestorTitles":["BashToolService"],"duration":1,"failing":false,"failureDetails":[],"failureMessages":[],"fullName":"BashToolService does not treat braced powershell local variable paths as external write targets for set-content","invocations":1,"location":null,"numPassingAsserts":1,"retryReasons":[],"startAt":1781323333486,"status":"passed","title":"does not treat braced powershell local variable paths as external write targets for set-content"},{"ancestorTitles":["BashToolService"],"duration":1,"failing":false,"failureDetails":[],"failureMessages":[],"fullName":"BashToolService does not treat provider braced powershell local variable paths as external write targets for set-content","invocations":1,"location":null,"numPassingAsserts":1,"retryReasons":[],"startAt":1781323333487,"status":"passed","title":"does not treat provider braced powershell local variable paths as external write targets for set-content"},{"ancestorTitles":["BashToolService"],"duration":1,"failing":false,"failureDetails":[],"failureMessages":[],"fullName":"BashToolService treats powershell Join-Path command substitution destinations as external write targets for copy-item","invocations":1,"location":null,"numPassingAsserts":1,"retryReasons":[],"startAt":1781323333488,"status":"passed","title":"treats powershell Join-Path command substitution destinations as external write targets for copy-item"},{"ancestorTitles":["BashToolService"],"duration":1,"failing":false,"failureDetails":[],"failureMessages":[],"fullName":"BashToolService treats powershell Join-Path local variable destinations as external write targets for copy-item","invocations":1,"location":null,"numPassingAsserts":1,"retryReasons":[],"startAt":1781323333490,"status":"passed","title":"treats powershell Join-Path local variable destinations as external write targets for copy-item"},{"ancestorTitles":["BashToolService"],"duration":0,"failing":false,"failureDetails":[],"failureMessages":[],"fullName":"BashToolService treats provider-prefixed powershell Join-Path command substitution destinations as external write targets for copy-item","invocations":1,"location":null,"numPassingAsserts":1,"retryReasons":[],"startAt":1781323333491,"status":"passed","title":"treats provider-prefixed powershell Join-Path command substitution destinations as external write targets for copy-item"},{"ancestorTitles":["BashToolService"],"duration":0,"failing":false,"failureDetails":[],"failureMessages":[],"fullName":"BashToolService treats powershell Join-Path-assigned local variable destinations as external write targets for copy-item","invocations":1,"location":null,"numPassingAsserts":1,"retryReasons":[],"startAt":1781323333492,"status":"passed","title":"treats powershell Join-Path-assigned local variable destinations as external write targets for copy-item"},{"ancestorTitles":["BashToolService"],"duration":2,"failing":false,"failureDetails":[],"failureMessages":[],"fullName":"BashToolService treats parenthesized powershell Join-Path destinations as external write targets for copy-item","invocations":1,"location":null,"numPassingAsserts":1,"retryReasons":[],"startAt":1781323333492,"status":"passed","title":"treats parenthesized powershell Join-Path destinations as external write targets for copy-item"},{"ancestorTitles":["BashToolService"],"duration":1,"failing":false,"failureDetails":[],"failureMessages":[],"fullName":"BashToolService treats sc alias positional target as set-content write target","invocations":1,"location":null,"numPassingAsserts":1,"retryReasons":[],"startAt":1781323333494,"status":"passed","title":"treats sc alias positional target as set-content write target"},{"ancestorTitles":["BashToolService"],"duration":1,"failing":false,"failureDetails":[],"failureMessages":[],"fullName":"BashToolService treats only the first positional token as add-content alias write target","invocations":1,"location":null,"numPassingAsserts":1,"retryReasons":[],"startAt":1781323333495,"status":"passed","title":"treats only the first positional token as add-content alias write target"},{"ancestorTitles":["BashToolService"],"duration":1,"failing":false,"failureDetails":[],"failureMessages":[],"fullName":"BashToolService recognizes quoted attached powershell path syntax as add-content write target","invocations":1,"location":null,"numPassingAsserts":1,"retryReasons":[],"startAt":1781323333496,"status":"passed","title":"recognizes quoted attached powershell path syntax as add-content write target"},{"ancestorTitles":["BashToolService"],"duration":1,"failing":false,"failureDetails":[],"failureMessages":[],"fullName":"BashToolService treats only the first positional token as remove-item write target when include is present","invocations":1,"location":null,"numPassingAsserts":1,"retryReasons":[],"startAt":1781323333497,"status":"passed","title":"treats only the first positional token as remove-item write target when include is present"},{"ancestorTitles":["BashToolService"],"duration":1,"failing":false,"failureDetails":[],"failureMessages":[],"fullName":"BashToolService recognizes quoted attached powershell path syntax as remove-item write target","invocations":1,"location":null,"numPassingAsserts":1,"retryReasons":[],"startAt":1781323333498,"status":"passed","title":"recognizes quoted attached powershell path syntax as remove-item write target"},{"ancestorTitles":["BashToolService"],"duration":1,"failing":false,"failureDetails":[],"failureMessages":[],"fullName":"BashToolService recognizes quoted attached powershell literalpath syntax as remove-item write target","invocations":1,"location":null,"numPassingAsserts":1,"retryReasons":[],"startAt":1781323333499,"status":"passed","title":"recognizes quoted attached powershell literalpath syntax as remove-item write target"},{"ancestorTitles":["BashToolService"],"duration":0,"failing":false,"failureDetails":[],"failureMessages":[],"fullName":"BashToolService treats only the first positional token as rd alias write target when include is present","invocations":1,"location":null,"numPassingAsserts":1,"retryReasons":[],"startAt":1781323333500,"status":"passed","title":"treats only the first positional token as rd alias write target when include is present"},{"ancestorTitles":["BashToolService"],"duration":0,"failing":false,"failureDetails":[],"failureMessages":[],"fullName":"BashToolService recognizes quoted attached powershell path syntax for rd alias write target","invocations":1,"location":null,"numPassingAsserts":1,"retryReasons":[],"startAt":1781323333501,"status":"passed","title":"recognizes quoted attached powershell path syntax for rd alias write target"},{"ancestorTitles":["BashToolService"],"duration":1,"failing":false,"failureDetails":[],"failureMessages":[],"fullName":"BashToolService treats only the first positional token as ri alias write target when include is present","invocations":1,"location":null,"numPassingAsserts":1,"retryReasons":[],"startAt":1781323333501,"status":"passed","title":"treats only the first positional token as ri alias write target when include is present"},{"ancestorTitles":["BashToolService"],"duration":1,"failing":false,"failureDetails":[],"failureMessages":[],"fullName":"BashToolService recognizes quoted attached powershell path syntax for ri alias write target","invocations":1,"location":null,"numPassingAsserts":1,"retryReasons":[],"startAt":1781323333502,"status":"passed","title":"recognizes quoted attached powershell path syntax for ri alias write target"},{"ancestorTitles":["BashToolService"],"duration":2,"failing":false,"failureDetails":[],"failureMessages":[],"fullName":"BashToolService treats only the first positional token as del alias write target when include is present","invocations":1,"location":null,"numPassingAsserts":1,"retryReasons":[],"startAt":1781323333503,"status":"passed","title":"treats only the first positional token as del alias write target when include is present"},{"ancestorTitles":["BashToolService"],"duration":0,"failing":false,"failureDetails":[],"failureMessages":[],"fullName":"BashToolService recognizes quoted attached powershell path syntax for del alias write target","invocations":1,"location":null,"numPassingAsserts":1,"retryReasons":[],"startAt":1781323333505,"status":"passed","title":"recognizes quoted attached powershell path syntax for del alias write target"},{"ancestorTitles":["BashToolService"],"duration":0,"failing":false,"failureDetails":[],"failureMessages":[],"fullName":"BashToolService treats only the first positional token as erase alias write target when include is present","invocations":1,"location":null,"numPassingAsserts":1,"retryReasons":[],"startAt":1781323333506,"status":"passed","title":"treats only the first positional token as erase alias write target when include is present"},{"ancestorTitles":["BashToolService"],"duration":1,"failing":false,"failureDetails":[],"failureMessages":[],"fullName":"BashToolService recognizes quoted attached powershell path syntax for erase alias write target","invocations":1,"location":null,"numPassingAsserts":1,"retryReasons":[],"startAt":1781323333506,"status":"passed","title":"recognizes quoted attached powershell path syntax for erase alias write target"},{"ancestorTitles":["BashToolService"],"duration":1,"failing":false,"failureDetails":[],"failureMessages":[],"fullName":"BashToolService recognizes invoke-webrequest outfile writes as combined network and external write hints","invocations":1,"location":null,"numPassingAsserts":1,"retryReasons":[],"startAt":1781323333507,"status":"passed","title":"recognizes invoke-webrequest outfile writes as combined network and external write hints"},{"ancestorTitles":["BashToolService"],"duration":0,"failing":false,"failureDetails":[],"failureMessages":[],"fullName":"BashToolService marks redundant cd when workdir is already provided","invocations":1,"location":null,"numPassingAsserts":1,"retryReasons":[],"startAt":1781323333508,"status":"passed","title":"marks redundant cd when workdir is already provided"},{"ancestorTitles":["BashToolService"],"duration":1,"failing":false,"failureDetails":[],"failureMessages":[],"fullName":"BashToolService highlights parent traversal paths in static hints","invocations":1,"location":null,"numPassingAsserts":1,"retryReasons":[],"startAt":1781323333508,"status":"passed","title":"highlights parent traversal paths in static hints"},{"ancestorTitles":["BashToolService"],"duration":1,"failing":false,"failureDetails":[],"failureMessages":[],"fullName":"BashToolService recognizes powershell aliases and filesystem provider paths in static hints","invocations":1,"location":null,"numPassingAsserts":1,"retryReasons":[],"startAt":1781323333509,"status":"passed","title":"recognizes powershell aliases and filesystem provider paths in static hints"},{"ancestorTitles":["BashToolService"],"duration":1,"failing":false,"failureDetails":[],"failureMessages":[],"fullName":"BashToolService treats bare home path as external but keeps visible provider paths internal","invocations":1,"location":null,"numPassingAsserts":1,"retryReasons":[],"startAt":1781323333510,"status":"passed","title":"treats bare home path as external but keeps visible provider paths internal"},{"ancestorTitles":["BashToolService"],"duration":0,"failing":false,"failureDetails":[],"failureMessages":[],"fullName":"BashToolService warns about && in windows native-shell static hints","invocations":1,"location":null,"numPassingAsserts":1,"retryReasons":[],"startAt":1781323333511,"status":"passed","title":"warns about && in windows native-shell static hints"}],"endTime":1781323333513,"message":"","name":"C:\\Users\\zyw41\\Downloads\\garlic-claw\\packages\\server\\tests\\execution\\bash\\bash-tool.service.spec.ts","startTime":1781323332813,"status":"passed","summary":""},{"assertionResults":[],"coverage":{},"endTime":1781323364823,"message":"  ● Test suite failed to run\n\n    Cannot find module '@garlic-claw/plugin-sdk/authoring' from 'src/modules/runtime/host/plugin-dispatch.service.ts'\n\n    Require stack:\n      src/modules/runtime/host/plugin-dispatch.service.ts\n      src/modules/runtime/host/conversation-store.service.ts\n      src/modules/conversation/conversation-after-response-compaction.service.ts\n      tests/conversation/conversation-message-lifecycle.service.spec.ts\n\n    \u001b[0m \u001b[90m  7 |\u001b[39m   \u001b[33mPluginRouteResponse\u001b[39m\u001b[33m,\u001b[39m\n     \u001b[90m  8 |\u001b[39m } \u001b[36mfrom\u001b[39m \u001b[32m'@garlic-claw/shared'\u001b[39m\u001b[33m;\u001b[39m\n    \u001b[31m\u001b[1m>\u001b[22m\u001b[39m\u001b[90m  9 |\u001b[39m \u001b[36mimport\u001b[39m { createPluginAuthorTransportExecutor } \u001b[36mfrom\u001b[39m \u001b[32m'@garlic-claw/plugin-sdk/authoring'\u001b[39m\u001b[33m;\u001b[39m\n     \u001b[90m    |\u001b[39m \u001b[31m\u001b[1m^\u001b[22m\u001b[39m\n     \u001b[90m 10 |\u001b[39m \u001b[36mimport\u001b[39m { createPluginHostFacade } \u001b[36mfrom\u001b[39m \u001b[32m'@garlic-claw/plugin-sdk/host'\u001b[39m\u001b[33m;\u001b[39m\n     \u001b[90m 11 |\u001b[39m \u001b[36mimport\u001b[39m { \u001b[33mBadRequestException\u001b[39m\u001b[33m,\u001b[39m \u001b[33mInjectable\u001b[39m\u001b[33m,\u001b[39m \u001b[33mNotFoundException\u001b[39m } \u001b[36mfrom\u001b[39m \u001b[32m'@nestjs/common'\u001b[39m\u001b[33m;\u001b[39m\n     \u001b[90m 12 |\u001b[39m \u001b[36mimport\u001b[39m { \u001b[33mBuiltinPluginRegistryService\u001b[39m } \u001b[36mfrom\u001b[39m \u001b[32m'../../plugin/builtin/builtin-plugin-registry.service'\u001b[39m\u001b[33m;\u001b[39m\u001b[0m\n\n      at Resolver._throwModNotFoundError (../../node_modules/jest-resolve/build/index.js:895:11)\n      at Object.<anonymous> (src/modules/runtime/host/plugin-dispatch.service.ts:9:1)\n      at Object.<anonymous> (src/modules/runtime/host/conversation-store.service.ts:13:1)\n      at Object.<anonymous> (src/modules/conversation/conversation-after-response-compaction.service.ts:3:1)\n      at Object.<anonymous> (tests/conversation/conversation-message-lifecycle.service.spec.ts:5:1)\n","name":"C:\\Users\\zyw41\\Downloads\\garlic-claw\\packages\\server\\tests\\conversation\\conversation-message-lifecycle.service.spec.ts","startTime":1781323364823,"status":"failed","summary":""},{"assertionResults":[],"coverage":{},"endTime":1781323364823,"message":"  ● Test suite failed to run\n\n    Cannot find module '@garlic-claw/shared' from 'src/modules/ai-management/ai-settings.store.ts'\n\n    Require stack:\n      src/modules/ai-management/ai-settings.store.ts\n      src/modules/ai-management/ai-provider-settings.service.ts\n      src/modules/ai/ai-model-execution.service.ts\n      src/modules/conversation/conversation-message-planning.service.ts\n      src/modules/conversation/conversation.controller.ts\n      tests/conversation/conversation.controller.spec.ts\n\n    \u001b[0m \u001b[90m 2 |\u001b[39m \u001b[36mimport\u001b[39m \u001b[33m*\u001b[39m \u001b[36mas\u001b[39m path \u001b[36mfrom\u001b[39m \u001b[32m'node:path'\u001b[39m\u001b[33m;\u001b[39m\n     \u001b[90m 3 |\u001b[39m \u001b[36mimport\u001b[39m type { \u001b[33mAiHostModelRoutingConfig\u001b[39m\u001b[33m,\u001b[39m \u001b[33mAiModelRouteTarget\u001b[39m\u001b[33m,\u001b[39m \u001b[33mProviderProtocolDriver\u001b[39m\u001b[33m,\u001b[39m \u001b[33mVisionFallbackConfig\u001b[39m } \u001b[36mfrom\u001b[39m \u001b[32m'@garlic-claw/shared'\u001b[39m\u001b[33m;\u001b[39m\n    \u001b[31m\u001b[1m>\u001b[22m\u001b[39m\u001b[90m 4 |\u001b[39m \u001b[36mimport\u001b[39m { \u001b[33mDEFAULT_AI_CHAT_AUTO_RETRY_CONFIG\u001b[39m } \u001b[36mfrom\u001b[39m \u001b[32m'@garlic-claw/shared'\u001b[39m\u001b[33m;\u001b[39m\n     \u001b[90m   |\u001b[39m \u001b[31m\u001b[1m^\u001b[22m\u001b[39m\n     \u001b[90m 5 |\u001b[39m \u001b[36mimport\u001b[39m { \u001b[33mProjectWorktreeRootService\u001b[39m } \u001b[36mfrom\u001b[39m \u001b[32m'../execution/project/project-worktree-root.service'\u001b[39m\u001b[33m;\u001b[39m\n     \u001b[90m 6 |\u001b[39m \u001b[36mimport\u001b[39m { createServerTestArtifactPath } \u001b[36mfrom\u001b[39m \u001b[32m'../../core/runtime/server-workspace-paths'\u001b[39m\u001b[33m;\u001b[39m\n     \u001b[90m 7 |\u001b[39m \u001b[36mimport\u001b[39m type { \u001b[33mAiProviderStorageFile\u001b[39m\u001b[33m,\u001b[39m \u001b[33mAiSettingsFile\u001b[39m\u001b[33m,\u001b[39m \u001b[33mStoredAiModelConfig\u001b[39m\u001b[33m,\u001b[39m \u001b[33mStoredAiProviderConfig\u001b[39m } \u001b[36mfrom\u001b[39m \u001b[32m'./ai-management.types'\u001b[39m\u001b[33m;\u001b[39m\u001b[0m\n\n      at Resolver._throwModNotFoundError (../../node_modules/jest-resolve/build/index.js:895:11)\n      at Object.<anonymous> (src/modules/ai-management/ai-settings.store.ts:4:1)\n      at Object.<anonymous> (src/modules/ai-management/ai-provider-settings.service.ts:14:1)\n      at Object.<anonymous> (src/modules/ai/ai-model-execution.service.ts:8:1)\n      at Object.<anonymous> (src/modules/conversation/conversation-message-planning.service.ts:3:1)\n      at Object.<anonymous> (src/modules/conversation/conversation.controller.ts:4:1)\n      at Object.<anonymous> (tests/conversation/conversation.controller.spec.ts:4:1)\n","name":"C:\\Users\\zyw41\\Downloads\\garlic-claw\\packages\\server\\tests\\conversation\\conversation.controller.spec.ts","startTime":1781323364823,"status":"failed","summary":""},{"assertionResults":[],"coverage":{},"endTime":1781323364823,"message":"  ● Test suite failed to run\n\n    Cannot find module '@garlic-claw/shared' from 'src/modules/ai-management/ai-settings.store.ts'\n\n    Require stack:\n      src/modules/ai-management/ai-settings.store.ts\n      src/modules/ai-management/ai-provider-settings.service.ts\n      src/modules/ai/ai-model-execution.service.ts\n      tests/runtime/host/plugin-host.service.spec.ts\n\n    \u001b[0m \u001b[90m 2 |\u001b[39m \u001b[36mimport\u001b[39m \u001b[33m*\u001b[39m \u001b[36mas\u001b[39m path \u001b[36mfrom\u001b[39m \u001b[32m'node:path'\u001b[39m\u001b[33m;\u001b[39m\n     \u001b[90m 3 |\u001b[39m \u001b[36mimport\u001b[39m type { \u001b[33mAiHostModelRoutingConfig\u001b[39m\u001b[33m,\u001b[39m \u001b[33mAiModelRouteTarget\u001b[39m\u001b[33m,\u001b[39m \u001b[33mProviderProtocolDriver\u001b[39m\u001b[33m,\u001b[39m \u001b[33mVisionFallbackConfig\u001b[39m } \u001b[36mfrom\u001b[39m \u001b[32m'@garlic-claw/shared'\u001b[39m\u001b[33m;\u001b[39m\n    \u001b[31m\u001b[1m>\u001b[22m\u001b[39m\u001b[90m 4 |\u001b[39m \u001b[36mimport\u001b[39m { \u001b[33mDEFAULT_AI_CHAT_AUTO_RETRY_CONFIG\u001b[39m } \u001b[36mfrom\u001b[39m \u001b[32m'@garlic-claw/shared'\u001b[39m\u001b[33m;\u001b[39m\n     \u001b[90m   |\u001b[39m \u001b[31m\u001b[1m^\u001b[22m\u001b[39m\n     \u001b[90m 5 |\u001b[39m \u001b[36mimport\u001b[39m { \u001b[33mProjectWorktreeRootService\u001b[39m } \u001b[36mfrom\u001b[39m \u001b[32m'../execution/project/project-worktree-root.service'\u001b[39m\u001b[33m;\u001b[39m\n     \u001b[90m 6 |\u001b[39m \u001b[36mimport\u001b[39m { createServerTestArtifactPath } \u001b[36mfrom\u001b[39m \u001b[32m'../../core/runtime/server-workspace-paths'\u001b[39m\u001b[33m;\u001b[39m\n     \u001b[90m 7 |\u001b[39m \u001b[36mimport\u001b[39m type { \u001b[33mAiProviderStorageFile\u001b[39m\u001b[33m,\u001b[39m \u001b[33mAiSettingsFile\u001b[39m\u001b[33m,\u001b[39m \u001b[33mStoredAiModelConfig\u001b[39m\u001b[33m,\u001b[39m \u001b[33mStoredAiProviderConfig\u001b[39m } \u001b[36mfrom\u001b[39m \u001b[32m'./ai-management.types'\u001b[39m\u001b[33m;\u001b[39m\u001b[0m\n\n      at Resolver._throwModNotFoundError (../../node_modules/jest-resolve/build/index.js:895:11)\n      at Object.<anonymous> (src/modules/ai-management/ai-settings.store.ts:4:1)\n      at Object.<anonymous> (src/modules/ai-management/ai-provider-settings.service.ts:14:1)\n      at Object.<anonymous> (src/modules/ai/ai-model-execution.service.ts:8:1)\n      at Object.<anonymous> (tests/runtime/host/plugin-host.service.spec.ts:4:1)\n","name":"C:\\Users\\zyw41\\Downloads\\garlic-claw\\packages\\server\\tests\\runtime\\host\\plugin-host.service.spec.ts","startTime":1781323364823,"status":"failed","summary":""},{"assertionResults":[],"coverage":{},"endTime":1781323364823,"message":"  ● Test suite failed to run\n\n    Cannot find module '@garlic-claw/plugin-sdk/authoring' from 'src/modules/runtime/host/plugin-dispatch.service.ts'\n\n    Require stack:\n      src/modules/runtime/host/plugin-dispatch.service.ts\n      src/modules/runtime/host/conversation-store.service.ts\n      tests/runtime/host/conversation-store.service.spec.ts\n\n    \u001b[0m \u001b[90m  7 |\u001b[39m   \u001b[33mPluginRouteResponse\u001b[39m\u001b[33m,\u001b[39m\n     \u001b[90m  8 |\u001b[39m } \u001b[36mfrom\u001b[39m \u001b[32m'@garlic-claw/shared'\u001b[39m\u001b[33m;\u001b[39m\n    \u001b[31m\u001b[1m>\u001b[22m\u001b[39m\u001b[90m  9 |\u001b[39m \u001b[36mimport\u001b[39m { createPluginAuthorTransportExecutor } \u001b[36mfrom\u001b[39m \u001b[32m'@garlic-claw/plugin-sdk/authoring'\u001b[39m\u001b[33m;\u001b[39m\n     \u001b[90m    |\u001b[39m \u001b[31m\u001b[1m^\u001b[22m\u001b[39m\n     \u001b[90m 10 |\u001b[39m \u001b[36mimport\u001b[39m { createPluginHostFacade } \u001b[36mfrom\u001b[39m \u001b[32m'@garlic-claw/plugin-sdk/host'\u001b[39m\u001b[33m;\u001b[39m\n     \u001b[90m 11 |\u001b[39m \u001b[36mimport\u001b[39m { \u001b[33mBadRequestException\u001b[39m\u001b[33m,\u001b[39m \u001b[33mInjectable\u001b[39m\u001b[33m,\u001b[39m \u001b[33mNotFoundException\u001b[39m } \u001b[36mfrom\u001b[39m \u001b[32m'@nestjs/common'\u001b[39m\u001b[33m;\u001b[39m\n     \u001b[90m 12 |\u001b[39m \u001b[36mimport\u001b[39m { \u001b[33mBuiltinPluginRegistryService\u001b[39m } \u001b[36mfrom\u001b[39m \u001b[32m'../../plugin/builtin/builtin-plugin-registry.service'\u001b[39m\u001b[33m;\u001b[39m\u001b[0m\n\n      at Resolver._throwModNotFoundError (../../node_modules/jest-resolve/build/index.js:895:11)\n      at Object.<anonymous> (src/modules/runtime/host/plugin-dispatch.service.ts:9:1)\n      at Object.<anonymous> (src/modules/runtime/host/conversation-store.service.ts:13:1)\n      at Object.<anonymous> (tests/runtime/host/conversation-store.service.spec.ts:8:1)\n","name":"C:\\Users\\zyw41\\Downloads\\garlic-claw\\packages\\server\\tests\\runtime\\host\\conversation-store.service.spec.ts","startTime":1781323364823,"status":"failed","summary":""},{"assertionResults":[{"ancestorTitles":["HostFilesystemBackendService"],"duration":39,"failing":false,"failureDetails":[],"failureMessages":[],"fullName":"HostFilesystemBackendService supports resolve, stat, directory, copy, move, delete and symlink operations","invocations":1,"location":null,"numPassingAsserts":11,"retryReasons":[],"startAt":1781323334984,"status":"passed","title":"supports resolve, stat, directory, copy, move, delete and symlink operations"},{"ancestorTitles":["HostFilesystemBackendService"],"duration":18,"failing":false,"failureDetails":[],"failureMessages":[],"fullName":"HostFilesystemBackendService supports backend-owned glob and grep operations","invocations":1,"location":null,"numPassingAsserts":2,"retryReasons":[],"startAt":1781323335024,"status":"passed","title":"supports backend-owned glob and grep operations"},{"ancestorTitles":["HostFilesystemBackendService"],"duration":10,"failing":false,"failureDetails":[],"failureMessages":[],"fullName":"HostFilesystemBackendService reports skipped paths for partial glob and grep traversal","invocations":1,"location":null,"numPassingAsserts":2,"retryReasons":[],"startAt":1781323335042,"status":"passed","title":"reports skipped paths for partial glob and grep traversal"},{"ancestorTitles":["HostFilesystemBackendService"],"duration":23,"failing":false,"failureDetails":[],"failureMessages":[],"fullName":"HostFilesystemBackendService reuses nearby path suggestions when glob base path is missing","invocations":1,"location":null,"numPassingAsserts":1,"retryReasons":[],"startAt":1781323335052,"status":"passed","title":"reuses nearby path suggestions when glob base path is missing"},{"ancestorTitles":["HostFilesystemBackendService"],"duration":6,"failing":false,"failureDetails":[],"failureMessages":[],"fullName":"HostFilesystemBackendService reuses nearby path suggestions when grep base path is missing","invocations":1,"location":null,"numPassingAsserts":1,"retryReasons":[],"startAt":1781323335076,"status":"passed","title":"reuses nearby path suggestions when grep base path is missing"},{"ancestorTitles":["HostFilesystemBackendService"],"duration":8,"failing":false,"failureDetails":[],"failureMessages":[],"fullName":"HostFilesystemBackendService preserves CRLF line endings when edit rewrites a text file","invocations":1,"location":null,"numPassingAsserts":2,"retryReasons":[],"startAt":1781323335082,"status":"passed","title":"preserves CRLF line endings when edit rewrites a text file"},{"ancestorTitles":["HostFilesystemBackendService"],"duration":5,"failing":false,"failureDetails":[],"failureMessages":[],"fullName":"HostFilesystemBackendService reports full grep totals even when visible matches are truncated","invocations":1,"location":null,"numPassingAsserts":1,"retryReasons":[],"startAt":1781323335090,"status":"passed","title":"reports full grep totals even when visible matches are truncated"},{"ancestorTitles":["HostFilesystemBackendService"],"duration":9,"failing":false,"failureDetails":[],"failureMessages":[],"fullName":"HostFilesystemBackendService supports backend-owned read range for file and directory targets","invocations":1,"location":null,"numPassingAsserts":2,"retryReasons":[],"startAt":1781323335095,"status":"passed","title":"supports backend-owned read range for file and directory targets"},{"ancestorTitles":["HostFilesystemBackendService"],"duration":6,"failing":false,"failureDetails":[],"failureMessages":[],"fullName":"HostFilesystemBackendService rejects read offsets that exceed file lines or directory entries","invocations":1,"location":null,"numPassingAsserts":2,"retryReasons":[],"startAt":1781323335104,"status":"passed","title":"rejects read offsets that exceed file lines or directory entries"},{"ancestorTitles":["HostFilesystemBackendService"],"duration":10,"failing":false,"failureDetails":[],"failureMessages":[],"fullName":"HostFilesystemBackendService reports read asset kinds and byte-limited text windows","invocations":1,"location":null,"numPassingAsserts":4,"retryReasons":[],"startAt":1781323335110,"status":"passed","title":"reports read asset kinds and byte-limited text windows"},{"ancestorTitles":["HostFilesystemBackendService"],"duration":5,"failing":false,"failureDetails":[],"failureMessages":[],"fullName":"HostFilesystemBackendService returns nearby path suggestions when the target path is missing","invocations":1,"location":null,"numPassingAsserts":1,"retryReasons":[],"startAt":1781323335120,"status":"passed","title":"returns nearby path suggestions when the target path is missing"},{"ancestorTitles":["HostFilesystemBackendService"],"duration":9,"failing":false,"failureDetails":[],"failureMessages":[],"fullName":"HostFilesystemBackendService returns write metadata and keeps the most specific edit strategy visible","invocations":1,"location":null,"numPassingAsserts":3,"retryReasons":[],"startAt":1781323335125,"status":"passed","title":"returns write metadata and keeps the most specific edit strategy visible"},{"ancestorTitles":["HostFilesystemBackendService"],"duration":5,"failing":false,"failureDetails":[],"failureMessages":[],"fullName":"HostFilesystemBackendService supports create-style edit when oldString is empty","invocations":1,"location":null,"numPassingAsserts":2,"retryReasons":[],"startAt":1781323335134,"status":"passed","title":"supports create-style edit when oldString is empty"},{"ancestorTitles":["HostFilesystemBackendService"],"duration":5,"failing":false,"failureDetails":[],"failureMessages":[],"fullName":"HostFilesystemBackendService keeps line-trimmed strategy visible in native edit results for outer-whitespace-only blocks","invocations":1,"location":null,"numPassingAsserts":2,"retryReasons":[],"startAt":1781323335139,"status":"passed","title":"keeps line-trimmed strategy visible in native edit results for outer-whitespace-only blocks"},{"ancestorTitles":["HostFilesystemBackendService"],"duration":6,"failing":false,"failureDetails":[],"failureMessages":[],"fullName":"HostFilesystemBackendService preserves existing CRLF line endings for create-style overwrite edit","invocations":1,"location":null,"numPassingAsserts":2,"retryReasons":[],"startAt":1781323335144,"status":"passed","title":"preserves existing CRLF line endings for create-style overwrite edit"},{"ancestorTitles":["HostFilesystemBackendService"],"duration":7,"failing":false,"failureDetails":[],"failureMessages":[],"fullName":"HostFilesystemBackendService applies post-write formatting and diagnostics through the overlay owner","invocations":1,"location":null,"numPassingAsserts":3,"retryReasons":[],"startAt":1781323335150,"status":"passed","title":"applies post-write formatting and diagnostics through the overlay owner"},{"ancestorTitles":["HostFilesystemBackendService"],"duration":5,"failing":false,"failureDetails":[],"failureMessages":[],"fullName":"HostFilesystemBackendService appends to an existing file without overwriting prior content","invocations":1,"location":null,"numPassingAsserts":2,"retryReasons":[],"startAt":1781323335158,"status":"passed","title":"appends to an existing file without overwriting prior content"},{"ancestorTitles":["HostFilesystemBackendService"],"duration":7,"failing":false,"failureDetails":[],"failureMessages":[],"fullName":"HostFilesystemBackendService surfaces ambiguous trimmed-boundary matches instead of editing the first inline hit","invocations":1,"location":null,"numPassingAsserts":2,"retryReasons":[],"startAt":1781323335163,"status":"passed","title":"surfaces ambiguous trimmed-boundary matches instead of editing the first inline hit"}],"endTime":1781323335171,"message":"","name":"C:\\Users\\zyw41\\Downloads\\garlic-claw\\packages\\server\\tests\\execution\\file\\host-filesystem-backend.service.spec.ts","startTime":1781323334691,"status":"passed","summary":""},{"assertionResults":[],"coverage":{},"endTime":1781323364823,"message":"  ● Test suite failed to run\n\n    Cannot find module '@garlic-claw/plugin-sdk/authoring' from 'src/modules/runtime/host/plugin-dispatch.service.ts'\n\n    Require stack:\n      src/modules/runtime/host/plugin-dispatch.service.ts\n      src/modules/runtime/host/conversation-store.service.ts\n      src/modules/conversation/conversation-after-response-compaction.service.ts\n      tests/conversation/conversation-message-planning.service.spec.ts\n\n    \u001b[0m \u001b[90m  7 |\u001b[39m   \u001b[33mPluginRouteResponse\u001b[39m\u001b[33m,\u001b[39m\n     \u001b[90m  8 |\u001b[39m } \u001b[36mfrom\u001b[39m \u001b[32m'@garlic-claw/shared'\u001b[39m\u001b[33m;\u001b[39m\n    \u001b[31m\u001b[1m>\u001b[22m\u001b[39m\u001b[90m  9 |\u001b[39m \u001b[36mimport\u001b[39m { createPluginAuthorTransportExecutor } \u001b[36mfrom\u001b[39m \u001b[32m'@garlic-claw/plugin-sdk/authoring'\u001b[39m\u001b[33m;\u001b[39m\n     \u001b[90m    |\u001b[39m \u001b[31m\u001b[1m^\u001b[22m\u001b[39m\n     \u001b[90m 10 |\u001b[39m \u001b[36mimport\u001b[39m { createPluginHostFacade } \u001b[36mfrom\u001b[39m \u001b[32m'@garlic-claw/plugin-sdk/host'\u001b[39m\u001b[33m;\u001b[39m\n     \u001b[90m 11 |\u001b[39m \u001b[36mimport\u001b[39m { \u001b[33mBadRequestException\u001b[39m\u001b[33m,\u001b[39m \u001b[33mInjectable\u001b[39m\u001b[33m,\u001b[39m \u001b[33mNotFoundException\u001b[39m } \u001b[36mfrom\u001b[39m \u001b[32m'@nestjs/common'\u001b[39m\u001b[33m;\u001b[39m\n     \u001b[90m 12 |\u001b[39m \u001b[36mimport\u001b[39m { \u001b[33mBuiltinPluginRegistryService\u001b[39m } \u001b[36mfrom\u001b[39m \u001b[32m'../../plugin/builtin/builtin-plugin-registry.service'\u001b[39m\u001b[33m;\u001b[39m\u001b[0m\n\n      at Resolver._throwModNotFoundError (../../node_modules/jest-resolve/build/index.js:895:11)\n      at Object.<anonymous> (src/modules/runtime/host/plugin-dispatch.service.ts:9:1)\n      at Object.<anonymous> (src/modules/runtime/host/conversation-store.service.ts:13:1)\n      at Object.<anonymous> (src/modules/conversation/conversation-after-response-compaction.service.ts:3:1)\n      at Object.<anonymous> (tests/conversation/conversation-message-planning.service.spec.ts:5:1)\n","name":"C:\\Users\\zyw41\\Downloads\\garlic-claw\\packages\\server\\tests\\conversation\\conversation-message-planning.service.spec.ts","startTime":1781323364823,"status":"failed","summary":""},{"assertionResults":[],"coverage":{},"endTime":1781323364823,"message":"  ● Test suite failed to run\n\n    Cannot find module '@garlic-claw/plugin-sdk/authoring' from 'src/modules/runtime/host/plugin-dispatch.service.ts'\n\n    Require stack:\n      src/modules/runtime/host/plugin-dispatch.service.ts\n      src/modules/runtime/host/conversation-store.service.ts\n      src/modules/runtime/host/conversation-message.service.ts\n      tests/runtime/host/subagent-runner.service.spec.ts\n\n    \u001b[0m \u001b[90m  7 |\u001b[39m   \u001b[33mPluginRouteResponse\u001b[39m\u001b[33m,\u001b[39m\n     \u001b[90m  8 |\u001b[39m } \u001b[36mfrom\u001b[39m \u001b[32m'@garlic-claw/shared'\u001b[39m\u001b[33m;\u001b[39m\n    \u001b[31m\u001b[1m>\u001b[22m\u001b[39m\u001b[90m  9 |\u001b[39m \u001b[36mimport\u001b[39m { createPluginAuthorTransportExecutor } \u001b[36mfrom\u001b[39m \u001b[32m'@garlic-claw/plugin-sdk/authoring'\u001b[39m\u001b[33m;\u001b[39m\n     \u001b[90m    |\u001b[39m \u001b[31m\u001b[1m^\u001b[22m\u001b[39m\n     \u001b[90m 10 |\u001b[39m \u001b[36mimport\u001b[39m { createPluginHostFacade } \u001b[36mfrom\u001b[39m \u001b[32m'@garlic-claw/plugin-sdk/host'\u001b[39m\u001b[33m;\u001b[39m\n     \u001b[90m 11 |\u001b[39m \u001b[36mimport\u001b[39m { \u001b[33mBadRequestException\u001b[39m\u001b[33m,\u001b[39m \u001b[33mInjectable\u001b[39m\u001b[33m,\u001b[39m \u001b[33mNotFoundException\u001b[39m } \u001b[36mfrom\u001b[39m \u001b[32m'@nestjs/common'\u001b[39m\u001b[33m;\u001b[39m\n     \u001b[90m 12 |\u001b[39m \u001b[36mimport\u001b[39m { \u001b[33mBuiltinPluginRegistryService\u001b[39m } \u001b[36mfrom\u001b[39m \u001b[32m'../../plugin/builtin/builtin-plugin-registry.service'\u001b[39m\u001b[33m;\u001b[39m\u001b[0m\n\n      at Resolver._throwModNotFoundError (../../node_modules/jest-resolve/build/index.js:895:11)\n      at Object.<anonymous> (src/modules/runtime/host/plugin-dispatch.service.ts:9:1)\n      at Object.<anonymous> (src/modules/runtime/host/conversation-store.service.ts:13:1)\n      at Object.<anonymous> (src/modules/runtime/host/conversation-message.service.ts:4:1)\n      at Object.<anonymous> (tests/runtime/host/subagent-runner.service.spec.ts:6:1)\n","name":"C:\\Users\\zyw41\\Downloads\\garlic-claw\\packages\\server\\tests\\runtime\\host\\subagent-runner.service.spec.ts","startTime":1781323364823,"status":"failed","summary":""},{"assertionResults":[
[...]
1323362199,"status":"passed","summary":""},{"assertionResults":[{"ancestorTitles":["Shared runtime boundary"],"duration":2,"failing":false,"failureDetails":[],"failureMessages":[],"fullName":"Shared runtime boundary keeps runtime internals out of shared exports","invocations":1,"location":null,"numPassingAsserts":1,"retryReasons":[],"startAt":1781323362745,"status":"passed","title":"keeps runtime internals out of shared exports"},{"ancestorTitles":["Shared runtime boundary"],"duration":1,"failing":false,"failureDetails":[],"failureMessages":[],"fullName":"Shared runtime boundary keeps json definitions type-only","invocations":1,"location":null,"numPassingAsserts":5,"retryReasons":[],"startAt":1781323362747,"status":"passed","title":"keeps json definitions type-only"},{"ancestorTitles":["Shared runtime boundary"],"duration":2,"failing":false,"failureDetails":[],"failureMessages":[],"fullName":"Shared runtime boundary keeps ai definitions type-only","invocations":1,"location":null,"numPassingAsserts":7,"retryReasons":[],"startAt":1781323362748,"status":"passed","title":"keeps ai definitions type-only"}],"endTime":1781323362751,"message":"","name":"C:\\Users\\zyw41\\Downloads\\garlic-claw\\packages\\server\\tests\\shared-runtime-boundary.spec.ts","startTime":1781323362664,"status":"passed","summary":""},{"assertionResults":[],"coverage":{},"endTime":1781323364823,"message":"  ● Test suite failed to run\n\n    Cannot find module '@garlic-claw/plugin-sdk/authoring' from 'src/modules/plugin/builtin/builtin-automation.plugin.ts'\n\n    Require stack:\n      src/modules/plugin/builtin/builtin-automation.plugin.ts\n      src/modules/plugin/builtin/builtin-plugin-registry.service.ts\n      src/modules/plugin/bootstrap/plugin-bootstrap.service.ts\n      src/modules/runtime/kernel/runtime-plugin-governance.service.ts\n      src/modules/conversation/context-command-catalog.service.ts\n      src/modules/conversation/command-catalog.controller.ts\n      tests/conversation/command-catalog.controller.spec.ts\n\n    \u001b[0m\u001b[31m\u001b[1m>\u001b[22m\u001b[39m\u001b[90m 1 |\u001b[39m \u001b[36mimport\u001b[39m {\n     \u001b[90m   |\u001b[39m \u001b[31m\u001b[1m^\u001b[22m\u001b[39m\n     \u001b[90m 2 |\u001b[39m   createAutomationCreatedResult\u001b[33m,\u001b[39m\n     \u001b[90m 3 |\u001b[39m   readRequiredStringParam\u001b[33m,\u001b[39m\n     \u001b[90m 4 |\u001b[39m   readOptionalStringParam\u001b[33m,\u001b[39m\u001b[0m\n\n      at Resolver._throwModNotFoundError (../../node_modules/jest-resolve/build/index.js:895:11)\n      at Object.<anonymous> (src/modules/plugin/builtin/builtin-automation.plugin.ts:1:1)\n      at Object.<anonymous> (src/modules/plugin/builtin/builtin-plugin-registry.service.ts:3:1)\n      at Object.<anonymous> (src/modules/plugin/bootstrap/plugin-bootstrap.service.ts:13:1)\n      at Object.<anonymous> (src/modules/runtime/kernel/runtime-plugin-governance.service.ts:3:1)\n      at Object.<anonymous> (src/modules/conversation/context-command-catalog.service.ts:4:1)\n      at Object.<anonymous> (src/modules/conversation/command-catalog.controller.ts:3:1)\n      at Object.<anonymous> (tests/conversation/command-catalog.controller.spec.ts:1:1)\n","name":"C:\\Users\\zyw41\\Downloads\\garlic-claw\\packages\\server\\tests\\conversation\\command-catalog.controller.spec.ts","startTime":1781323364823,"status":"failed","summary":""},{"assertionResults":[{"ancestorTitles":["runtime-shell-tool-name"],"duration":1,"failing":false,"failureDetails":[],"failureMessages":[],"fullName":"runtime-shell-tool-name returns powershell for windows native-shell and bash elsewhere","invocations":1,"location":null,"numPassingAsserts":3,"retryReasons":[],"startAt":1781323363096,"status":"passed","title":"returns powershell for windows native-shell and bash elsewhere"},{"ancestorTitles":["runtime-shell-tool-name"],"duration":0,"failing":false,"failureDetails":[],"failureMessages":[],"fullName":"runtime-shell-tool-name keeps bash and powershell as interchangeable aliases for shell tool resolution","invocations":1,"location":null,"numPassingAsserts":1,"retryReasons":[],"startAt":1781323363097,"status":"passed","title":"keeps bash and powershell as interchangeable aliases for shell tool resolution"},{"ancestorTitles":["runtime-shell-tool-name"],"duration":1,"failing":false,"failureDetails":[],"failureMessages":[],"fullName":"runtime-shell-tool-name recognizes host absolute workdir only for host-backed shell runtimes","invocations":1,"location":null,"numPassingAsserts":4,"retryReasons":[],"startAt":1781323363097,"status":"passed","title":"recognizes host absolute workdir only for host-backed shell runtimes"}],"endTime":1781323363098,"message":"","name":"C:\\Users\\zyw41\\Downloads\\garlic-claw\\packages\\server\\tests\\execution\\runtime\\runtime-shell-tool-name.spec.ts","startTime":1781323362993,"status":"passed","summary":""},{"assertionResults":[{"ancestorTitles":["runtime-visible-path"],"duration":0,"failing":false,"failureDetails":[],"failureMessages":[],"fullName":"runtime-visible-path normalizes visible paths","invocations":1,"location":null,"numPassingAsserts":1,"retryReasons":[],"startAt":1781323363198,"status":"passed","title":"normalizes visible paths"},{"ancestorTitles":["runtime-visible-path"],"duration":0,"failing":false,"failureDetails":[],"failureMessages":[],"fullName":"runtime-visible-path resolves relative and absolute paths inside the visible root","invocations":1,"location":null,"numPassingAsserts":3,"retryReasons":[],"startAt":1781323363199,"status":"passed","title":"resolves relative and absolute paths inside the visible root"},{"ancestorTitles":["runtime-visible-path"],"duration":4,"failing":false,"failureDetails":[],"failureMessages":[],"fullName":"runtime-visible-path rejects escaping the visible root","invocations":1,"location":null,"numPassingAsserts":2,"retryReasons":[],"startAt":1781323363199,"status":"passed","title":"rejects escaping the visible root"},{"ancestorTitles":["runtime-visible-path"],"duration":0,"failing":false,"failureDetails":[],"failureMessages":[],"fullName":"runtime-visible-path joins nested visible paths with the same normalization rules","invocations":1,"location":null,"numPassingAsserts":1,"retryReasons":[],"startAt":1781323363203,"status":"passed","title":"joins nested visible paths with the same normalization rules"}],"endTime":1781323363204,"message":"","name":"C:\\Users\\zyw41\\Downloads\\garlic-claw\\packages\\server\\tests\\execution\\runtime\\runtime-visible-path.spec.ts","startTime":1781323363104,"status":"passed","summary":""},{"assertionResults":[{"ancestorTitles":["conversation dto"],"duration":3,"failing":false,"failureDetails":[],"failureMessages":[],"fullName":"conversation dto accepts structured message parts with provider and model overrides","invocations":1,"location":null,"numPassingAsserts":1,"retryReasons":[],"startAt":1781323363374,"status":"passed","title":"accepts structured message parts with provider and model overrides"},{"ancestorTitles":["conversation dto"],"duration":5,"failing":false,"failureDetails":[],"failureMessages":[],"fullName":"conversation dto rejects invalid message parts and oversize updates","invocations":1,"location":null,"numPassingAsserts":2,"retryReasons":[],"startAt":1781323363377,"status":"passed","title":"rejects invalid message parts and oversize updates"},{"ancestorTitles":["conversation dto"],"duration":1,"failing":false,"failureDetails":[],"failureMessages":[],"fullName":"conversation dto requires text content for text parts","invocations":1,"location":null,"numPassingAsserts":1,"retryReasons":[],"startAt":1781323363382,"status":"passed","title":"requires text content for text parts"}],"endTime":1781323363383,"message":"","name":"C:\\Users\\zyw41\\Downloads\\garlic-claw\\packages\\server\\tests\\conversation\\conversation.dto.spec.ts","startTime":1781323363207,"status":"passed","summary":""},{"assertionResults":[{"ancestorTitles":["runtime-search-result-report"],"duration":1,"failing":false,"failureDetails":[],"failureMessages":[],"fullName":"runtime-search-result-report prefers shallower and shorter glob matches over the first raw result","invocations":1,"location":null,"numPassingAsserts":1,"retryReasons":[],"startAt":1781323363440,"status":"passed","title":"prefers shallower and shorter glob matches over the first raw result"},{"ancestorTitles":["runtime-search-result-report"],"duration":0,"failing":false,"failureDetails":[],"failureMessages":[],"fullName":"runtime-search-result-report prefers grep paths with more hits before fallback path heuristics","invocations":1,"location":null,"numPassingAsserts":1,"retryReasons":[],"startAt":1781323363441,"status":"passed","title":"prefers grep paths with more hits before fallback path heuristics"},{"ancestorTitles":["runtime-search-result-report"],"duration":1,"failing":false,"failureDetails":[],"failureMessages":[],"fullName":"runtime-search-result-report renders the shared suggested-read hint from the ranked candidate","invocations":1,"location":null,"numPassingAsserts":1,"retryReasons":[],"startAt":1781323363441,"status":"passed","title":"renders the shared suggested-read hint from the ranked candidate"}],"endTime":1781323363442,"message":"","name":"C:\\Users\\zyw41\\Downloads\\garlic-claw\\packages\\server\\tests\\execution\\file\\runtime-search-result-report.spec.ts","startTime":1781323363399,"status":"passed","summary":""},{"assertionResults":[],"coverage":{},"endTime":1781323364823,"message":"  ● Test suite failed to run\n\n    Cannot find module '@garlic-claw/shared' from 'src/modules/ai-management/ai-settings.store.ts'\n\n    Require stack:\n      src/modules/ai-management/ai-settings.store.ts\n      src/modules/ai-management/ai-provider-settings.service.ts\n      src/modules/ai/ai-model-execution.service.ts\n      src/modules/runtime/host/host.module.ts\n      src/modules/conversation/conversation.module.ts\n      src/modules/ai-management/ai-management.module.ts\n      src/app/app.module.ts\n      src/bootstrap/bootstrap-http-app.ts\n      tests/core/config/http-server.config.spec.ts\n\n    \u001b[0m \u001b[90m 2 |\u001b[39m \u001b[36mimport\u001b[39m \u001b[33m*\u001b[39m \u001b[36mas\u001b[39m path \u001b[36mfrom\u001b[39m \u001b[32m'node:path'\u001b[39m\u001b[33m;\u001b[39m\n     \u001b[90m 3 |\u001b[39m \u001b[36mimport\u001b[39m type { \u001b[33mAiHostModelRoutingConfig\u001b[39m\u001b[33m,\u001b[39m \u001b[33mAiModelRouteTarget\u001b[39m\u001b[33m,\u001b[39m \u001b[33mProviderProtocolDriver\u001b[39m\u001b[33m,\u001b[39m \u001b[33mVisionFallbackConfig\u001b[39m } \u001b[36mfrom\u001b[39m \u001b[32m'@garlic-claw/shared'\u001b[39m\u001b[33m;\u001b[39m\n    \u001b[31m\u001b[1m>\u001b[22m\u001b[39m\u001b[90m 4 |\u001b[39m \u001b[36mimport\u001b[39m { \u001b[33mDEFAULT_AI_CHAT_AUTO_RETRY_CONFIG\u001b[39m } \u001b[36mfrom\u001b[39m \u001b[32m'@garlic-claw/shared'\u001b[39m\u001b[33m;\u001b[39m\n     \u001b[90m   |\u001b[39m \u001b[31m\u001b[1m^\u001b[22m\u001b[39m\n     \u001b[90m 5 |\u001b[39m \u001b[36mimport\u001b[39m { \u001b[33mProjectWorktreeRootService\u001b[39m } \u001b[36mfrom\u001b[39m \u001b[32m'../execution/project/project-worktree-root.service'\u001b[39m\u001b[33m;\u001b[39m\n     \u001b[90m 6 |\u001b[39m \u001b[36mimport\u001b[39m { createServerTestArtifactPath } \u001b[36mfrom\u001b[39m \u001b[32m'../../core/runtime/server-workspace-paths'\u001b[39m\u001b[33m;\u001b[39m\n     \u001b[90m 7 |\u001b[39m \u001b[36mimport\u001b[39m type { \u001b[33mAiProviderStorageFile\u001b[39m\u001b[33m,\u001b[39m \u001b[33mAiSettingsFile\u001b[39m\u001b[33m,\u001b[39m \u001b[33mStoredAiModelConfig\u001b[39m\u001b[33m,\u001b[39m \u001b[33mStoredAiProviderConfig\u001b[39m } \u001b[36mfrom\u001b[39m \u001b[32m'./ai-management.types'\u001b[39m\u001b[33m;\u001b[39m\u001b[0m\n\n      at Resolver._throwModNotFoundError (../../node_modules/jest-resolve/build/index.js:895:11)\n      at Object.<anonymous> (src/modules/ai-management/ai-settings.store.ts:4:1)\n      at Object.<anonymous> (src/modules/ai-management/ai-provider-settings.service.ts:14:1)\n      at Object.<anonymous> (src/modules/ai/ai-model-execution.service.ts:8:1)\n      at Object.<anonymous> (src/modules/runtime/host/host.module.ts:2:1)\n      at Object.<anonymous> (src/modules/conversation/conversation.module.ts:3:1)\n      at Object.<anonymous> (src/modules/ai-management/ai-management.module.ts:2:1)\n      at Object.<anonymous> (src/app/app.module.ts:4:1)\n      at Object.<anonymous> (src/bootstrap/bootstrap-http-app.ts:3:1)\n      at Object.<anonymous> (tests/core/config/http-server.config.spec.ts:1:1)\n","name":"C:\\Users\\zyw41\\Downloads\\garlic-claw\\packages\\server\\tests\\core\\config\\http-server.config.spec.ts","startTime":1781323364823,"status":"failed","summary":""},{"assertionResults":[{"ancestorTitles":["AuthController"],"duration":1,"failing":false,"failureDetails":[],"failureMessages":[],"fullName":"AuthController delegates single-secret login to the auth service","invocations":1,"location":null,"numPassingAsserts":2,"retryReasons":[],"startAt":1781323364006,"status":"passed","title":"delegates single-secret login to the auth service"}],"endTime":1781323364008,"message":"","name":"C:\\Users\\zyw41\\Downloads\\garlic-claw\\packages\\server\\tests\\auth\\auth.controller.spec.ts","startTime":1781323363808,"status":"passed","summary":""},{"assertionResults":[{"ancestorTitles":["project weather skill"],"duration":8,"failing":false,"failureDetails":[],"failureMessages":[],"fullName":"project weather skill uses the repository script as the default execution path","invocations":1,"location":null,"numPassingAsserts":3,"retryReasons":[],"startAt":1781323364045,"status":"passed","title":"uses the repository script as the default execution path"}],"endTime":1781323364054,"message":"","name":"C:\\Users\\zyw41\\Downloads\\garlic-claw\\packages\\server\\tests\\execution\\skill\\project-weather-skill.spec.ts","startTime":1781323364012,"status":"passed","summary":""},{"assertionResults":[{"ancestorTitles":["PluginGovernanceService"],"duration":0,"failing":false,"failureDetails":[],"failureMessages":[],"fullName":"PluginGovernanceService uses builtin defaults for builtin plugins","invocations":1,"location":null,"numPassingAsserts":1,"retryReasons":[],"startAt":1781323364188,"status":"passed","title":"uses builtin defaults for builtin plugins"}],"endTime":1781323364189,"message":"","name":"C:\\Users\\zyw41\\Downloads\\garlic-claw\\packages\\server\\tests\\plugin\\governance\\plugin-governance.service.spec.ts","startTime":1781323364057,"status":"passed","summary":""},{"assertionResults":[{"ancestorTitles":["auth dto"],"duration":0,"failing":false,"failureDetails":[],"failureMessages":[],"fullName":"auth dto accepts the new single-secret login payload","invocations":1,"location":null,"numPassingAsserts":1,"retryReasons":[],"startAt":1781323364306,"status":"passed","title":"accepts the new single-secret login payload"},{"ancestorTitles":["auth dto"],"duration":0,"failing":false,"failureDetails":[],"failureMessages":[],"fullName":"auth dto rejects empty single-secret login payloads","invocations":1,"location":null,"numPassingAsserts":2,"retryReasons":[],"startAt":1781323364307,"status":"passed","title":"rejects empty single-secret login payloads"}],"endTime":1781323364307,"message":"","name":"C:\\Users\\zyw41\\Downloads\\garlic-claw\\packages\\server\\tests\\auth\\auth.dto.spec.ts","startTime":1781323364200,"status":"passed","summary":""},{"assertionResults":[{"ancestorTitles":["model-tool-call-name"],"duration":1,"failing":false,"failureDetails":[],"failureMessages":[],"fullName":"model-tool-call-name sanitizes leaked channel suffixes","invocations":1,"location":null,"numPassingAsserts":1,"retryReasons":[],"startAt":1781323364353,"status":"passed","title":"sanitizes leaked channel suffixes"},{"ancestorTitles":["model-tool-call-name"],"duration":1,"failing":false,"failureDetails":[],"failureMessages":[],"fullName":"model-tool-call-name maps bash and powershell between each other when only one shell tool is exposed","invocations":1,"location":null,"numPassingAsserts":2,"retryReasons":[],"startAt":1781323364355,"status":"passed","title":"maps bash and powershell between each other when only one shell tool is exposed"}],"endTime":1781323364357,"message":"","name":"C:\\Users\\zyw41\\Downloads\\garlic-claw\\packages\\server\\tests\\execution\\tool\\model-tool-call-name.spec.ts","startTime":1781323364311,"status":"passed","summary":""},{"assertionResults":[{"ancestorTitles":["HealthController"],"duration":1,"failing":false,"failureDetails":[],"failureMessages":[],"fullName":"HealthController returns an ok snapshot for server","invocations":1,"location":null,"numPassingAsserts":3,"retryReasons":[],"startAt":1781323364532,"status":"passed","title":"returns an ok snapshot for server"}],"endTime":1781323364534,"message":"","name":"C:\\Users\\zyw41\\Downloads\\garlic-claw\\packages\\server\\tests\\health\\health.controller.spec.ts","startTime":1781323364360,"status":"passed","summary":""},{"assertionResults":[],"coverage":{},"endTime":1781323364823,"message":"  ● Test suite failed to run\n\n    Cannot find module '@garlic-claw/shared' from 'src/modules/ai-management/ai-settings.store.ts'\n\n    Require stack:\n      src/modules/ai-management/ai-settings.store.ts\n      src/modules/ai-management/ai-provider-settings.service.ts\n      src/modules/ai/ai-model-execution.service.ts\n      src/modules/runtime/host/host.module.ts\n      tests/runtime/host/host.module.spec.ts\n\n    \u001b[0m \u001b[90m 2 |\u001b[39m \u001b[36mimport\u001b[39m \u001b[33m*\u001b[39m \u001b[36mas\u001b[39m path \u001b[36mfrom\u001b[39m \u001b[32m'node:path'\u001b[39m\u001b[33m;\u001b[39m\n     \u001b[90m 3 |\u001b[39m \u001b[36mimport\u001b[39m type { \u001b[33mAiHostModelRoutingConfig\u001b[39m\u001b[33m,\u001b[39m \u001b[33mAiModelRouteTarget\u001b[39m\u001b[33m,\u001b[39m \u001b[33mProviderProtocolDriver\u001b[39m\u001b[33m,\u001b[39m \u001b[33mVisionFallbackConfig\u001b[39m } \u001b[36mfrom\u001b[39m \u001b[32m'@garlic-claw/shared'\u001b[39m\u001b[33m;\u001b[39m\n    \u001b[31m\u001b[1m>\u001b[22m\u001b[39m\u001b[90m 4 |\u001b[39m \u001b[36mimport\u001b[39m { \u001b[33mDEFAULT_AI_CHAT_AUTO_RETRY_CONFIG\u001b[39m } \u001b[36mfrom\u001b[39m \u001b[32m'@garlic-claw/shared'\u001b[39m\u001b[33m;\u001b[39m\n     \u001b[90m   |\u001b[39m \u001b[31m\u001b[1m^\u001b[22m\u001b[39m\n     \u001b[90m 5 |\u001b[39m \u001b[36mimport\u001b[39m { \u001b[33mProjectWorktreeRootService\u001b[39m } \u001b[36mfrom\u001b[39m \u001b[32m'../execution/project/project-worktree-root.service'\u001b[39m\u001b[33m;\u001b[39m\n     \u001b[90m 6 |\u001b[39m \u001b[36mimport\u001b[39m { createServerTestArtifactPath } \u001b[36mfrom\u001b[39m \u001b[32m'../../core/runtime/server-workspace-paths'\u001b[39m\u001b[33m;\u001b[39m\n     \u001b[90m 7 |\u001b[39m \u001b[36mimport\u001b[39m type { \u001b[33mAiProviderStorageFile\u001b[39m\u001b[33m,\u001b[39m \u001b[33mAiSettingsFile\u001b[39m\u001b[33m,\u001b[39m \u001b[33mStoredAiModelConfig\u001b[39m\u001b[33m,\u001b[39m \u001b[33mStoredAiProviderConfig\u001b[39m } \u001b[36mfrom\u001b[39m \u001b[32m'./ai-management.types'\u001b[39m\u001b[33m;\u001b[39m\u001b[0m\n\n      at Resolver._throwModNotFoundError (../../node_modules/jest-resolve/build/index.js:895:11)\n      at Object.<anonymous> (src/modules/ai-management/ai-settings.store.ts:4:1)\n      at Object.<anonymous> (src/modules/ai-management/ai-provider-settings.service.ts:14:1)\n      at Object.<anonymous> (src/modules/ai/ai-model-execution.service.ts:8:1)\n      at Object.<anonymous> (src/modules/runtime/host/host.module.ts:2:1)\n      at Object.<anonymous> (tests/runtime/host/host.module.spec.ts:1:1)\n","name":"C:\\Users\\zyw41\\Downloads\\garlic-claw\\packages\\server\\tests\\runtime\\host\\host.module.spec.ts","startTime":1781323364823,"status":"failed","summary":""}],"wasInterrupted":false}
